[+] Containers:
 |- [+] Container: /Game/TopDown/Maps/TopDownMap
 |   |- [+] ActorDescs:
 |   |   |- Guid:0F4324B34E091887A24AD9995AE727D1 BaseClass: NativeClass:/Script/Engine.StaticMeshActor Name:StaticMeshActor_23 Label:SM_Cube6 SpatiallyLoaded:1 Bounds:IsValid=true, Min=(X=1300.000 Y=-2500.000 Z=-800.000), Max=(X=1400.000 Y=5500.000 Z=9200.000) RuntimeGrid:None EditorOnly:0 RuntimeOnly:0 HLODRelevant:1 FolderPath:Playground FolderGuid:9FE5E8B349AF71F05F2688921F3F2AC5
 |   |   |- Guid:147C8D134B12D635012D5F8C57D2C96F BaseClass: NativeClass:/Script/Engine.PostProcessVolume Name:PostProcessVolume_1 Label:PostProcessVolume SpatiallyLoaded:0 Bounds:IsValid=true, Min=(X=0.000 Y=0.000 Z=400.000), Max=(X=200.000 Y=200.000 Z=600.000) RuntimeGrid:None EditorOnly:0 RuntimeOnly:0 HLODRelevant:0 FolderPath:Lighting FolderGuid:4C9334684BA61B42C769F799D2576455
 |   |   |- Guid:1742DF43475F097453197AA79C7473D9 BaseClass: NativeClass:/Script/Engine.SkyLight Name:SkyLight_1 Label:SkyLight SpatiallyLoaded:0 Bounds:IsValid=true, Min=(X=0.000 Y=0.000 Z=690.000), Max=(X=0.000 Y=0.000 Z=690.000) RuntimeGrid:None EditorOnly:0 RuntimeOnly:0 HLODRelevant:0 FolderPath:Lighting FolderGuid:4C9334684BA61B42C769F799D2576455
 |   |   |- Guid:1D4635394DB9E4001E8A6084ADFA34DA BaseClass:/Game/Characters/Poisson/BluePrint/BP_E_Poissongue.BP_E_Poissongue_C NativeClass:/Script/Engine.Character Name:BP_E_Poissongue_C_UAID_C85ACFC1DC7FC5B601_1338968025 Label:BP_E_Poissongue3 SpatiallyLoaded:1 Bounds:IsValid=true, Min=(X=966.000 Y=2184.361 Z=7643.761), Max=(X=1034.000 Y=2254.000 Z=7736.239) RuntimeGrid:None EditorOnly:0 RuntimeOnly:0 HLODRelevant:0
 |   |   |- Guid:1FEC8FAC495CEF0CE32492ADCBB96BAE BaseClass: NativeClass:/Script/AIModule.NavLinkProxy Name:NavLinkProxy_3 Label:NavLinkProxy3 SpatiallyLoaded:1 Bounds:IsValid=true, Min=(X=2240.000 Y=1030.000 Z=90.000), Max=(X=2240.000 Y=1030.000 Z=90.000) RuntimeGrid:None EditorOnly:0 RuntimeOnly:0 HLODRelevant:0 FolderPath:Navigation FolderGuid:AE45D61F453CC144CF8289862C276E89
 |   |   |- Guid:2DF0D95440BE0EDA81652F860DC7268E BaseClass: NativeClass:/Script/Engine.WorldDataLayers Name:WorldDataLayers Label:WorldDataLayers SpatiallyLoaded:0 Bounds:IsValid=true, Min=(X=0.000 Y=0.000 Z=0.000), Max=(X=0.000 Y=0.000 Z=0.000) RuntimeGrid:None EditorOnly:0 RuntimeOnly:0 HLODRelevant:0
 |   |   |- Guid:6252C7D64ACF162A73EE65B11FE214D1 BaseClass: NativeClass:/Script/Engine.SkyAtmosphere Name:SkyAtmosphere_1 Label:SkyAtmosphere SpatiallyLoaded:0 Bounds:IsValid=true, Min=(X=0.000 Y=0.000 Z=1020.000), Max=(X=0.000 Y=0.000 Z=1020.000) RuntimeGrid:None EditorOnly:0 RuntimeOnly:0 HLODRelevant:0 FolderPath:Lighting FolderGuid:4C9334684BA61B42C769F799D2576455
 |   |   |- Guid:655948694F774DAC0FFCD3B523AE1F33 BaseClass: NativeClass:/Script/Engine.StaticMeshActor Name:StaticMeshActor_UAID_C85ACFC1DC7F0AB701_1419668169 Label:SM_Cube9 SpatiallyLoaded:1 Bounds:IsValid=true, Min=(X=-600.000 Y=5400.000 Z=-800.000), Max=(X=1400.000 Y=5500.000 Z=9200.000) RuntimeGrid:None EditorOnly:0 RuntimeOnly:0 HLODRelevant:1 FolderPath:Playground FolderGuid:9FE5E8B349AF71F05F2688921F3F2AC5
 |   |   |- Guid:66BCBF874D2A22ADC6523B95EE812CA3 BaseClass: NativeClass:/Script/Engine.StaticMeshActor Name:StaticMeshActor_UAID_A4AE111137DC5CFB00_1660657071 Label:SM_SkySphere SpatiallyLoaded:0 Bounds:IsValid=true, Min=(X=-1638400.000 Y=-1638400.000 Z=-1638400.000), Max=(X=1638400.000 Y=1638400.000 Z=1638400.000) RuntimeGrid:None EditorOnly:0 RuntimeOnly:0 HLODRelevant:1 FolderPath:Lighting FolderGuid:4C9334684BA61B42C769F799D2576455
 |   |   |- Guid:6775CBFB4F6DF0C60ACD40B270B269A8 BaseClass: NativeClass:/Script/Engine.StaticMeshActor Name:StaticMeshActor_UAID_C85ACFC1DC7F0AB701_1174578167 Label:SM_Cube7 SpatiallyLoaded:1 Bounds:IsValid=true, Min=(X=-600.000 Y=-2500.000 Z=-800.000), Max=(X=1400.000 Y=5500.000 Z=-700.000) RuntimeGrid:None EditorOnly:0 RuntimeOnly:0 HLODRelevant:1 FolderPath:Playground FolderGuid:9FE5E8B349AF71F05F2688921F3F2AC5
 |   |   |- Guid:736898D74D6B146CA12243A89E100427 BaseClass:/Game/Characters/Poisson/BluePrint/BP_E_Poissongue.BP_E_Poissongue_C NativeClass:/Script/Engine.Character Name:BP_E_Poissongue_C_UAID_C85ACFC1DC7FC5B601_1338509024 Label:BP_E_Poissongue2 SpatiallyLoaded:1 Bounds:IsValid=true, Min=(X=966.000 Y=2794.361 Z=7663.761), Max=(X=1034.000 Y=2864.000 Z=7756.239) RuntimeGrid:None EditorOnly:0 RuntimeOnly:0 HLODRelevant:0
 |   |   |- Guid:77F893B3468595EE782136AD620D7EF4 BaseClass: NativeClass:/Script/Engine.VolumetricCloud Name:VolumetricCloud_0 Label:VolumetricCloud SpatiallyLoaded:0 Bounds:IsValid=true, Min=(X=0.000 Y=0.000 Z=820.000), Max=(X=0.000 Y=0.000 Z=820.000) RuntimeGrid:None EditorOnly:0 RuntimeOnly:0 HLODRelevant:0 FolderPath:Lighting FolderGuid:4C9334684BA61B42C769F799D2576455
 |   |   |- Guid:AAD29F3843F0097FB4DC90A75120D32B BaseClass:/Game/Characters/Poisson/BluePrint/BP_E_Poissongue.BP_E_Poissongue_C NativeClass:/Script/Engine.Character Name:BP_E_Poissongue_C_UAID_C85ACFC1DC7FC4B601_1664435847 Label:BP_E_Poissongue SpatiallyLoaded:1 Bounds:IsValid=true, Min=(X=966.000 Y=2454.361 Z=7623.761), Max=(X=1034.000 Y=2524.000 Z=7716.239) RuntimeGrid:None EditorOnly:0 RuntimeOnly:0 HLODRelevant:0
 |   |   |- Guid:AD68EAA24473F385F7FC7C9DF886ABC0 BaseClass:/Game/TopDown/Blueprints/ennemies/BP_E_Requingue.BP_E_Requingue_C NativeClass:/Script/Engine.Character Name:BP_E_Requingue_C_UAID_C85ACFC1DC7FDCB601_1271466071 Label:BP_E_Requingue SpatiallyLoaded:1 Bounds:IsValid=true, Min=(X=890.000 Y=2207.500 Z=8002.000), Max=(X=1072.500 Y=2332.500 Z=8178.000) RuntimeGrid:None EditorOnly:0 RuntimeOnly:0 HLODRelevant:0
 |   |   |- Guid:AECEEEE741E6DE68F6843FA49564A956 BaseClass: NativeClass:/Script/Engine.DirectionalLight Name:DirectionalLight_1 Label:DirectionalLight SpatiallyLoaded:0 Bounds:IsValid=true, Min=(X=-4398046511104.000 Y=-4398046511104.000 Z=-4398046511104.000), Max=(X=4398046511104.000 Y=4398046511104.000 Z=4398046511104.000) RuntimeGrid:None EditorOnly:0 RuntimeOnly:0 HLODRelevant:0 FolderPath:Lighting FolderGuid:4C9334684BA61B42C769F799D2576455
 |   |   |- Guid:BCAEE852423006CDD9B8CEBB856062B3 BaseClass:/Game/TopDown/Blueprints/ennemies/BP_Bernard.BP_Bernard_C NativeClass:/Script/Engine.Character Name:BP_Bernard_C_UAID_C85ACFC1DC7F14B701_1750325927 Label:BP_Bernard SpatiallyLoaded:1 Bounds:IsValid=true, Min=(X=900.000 Y=1940.000 Z=7034.000), Max=(X=1100.000 Y=2140.000 Z=7386.000) RuntimeGrid:None EditorOnly:0 RuntimeOnly:0 HLODRelevant:0
 |   |   |- Guid:C596306946D092A6055FC49602E6697D BaseClass: NativeClass:/Script/Engine.StaticMeshActor Name:StaticMeshActor_UAID_C85ACFC1DC7F0AB701_1408368168 Label:SM_Cube8 SpatiallyLoaded:1 Bounds:IsValid=true, Min=(X=-600.000 Y=-2500.000 Z=-800.000), Max=(X=1400.000 Y=-2400.000 Z=9200.000) RuntimeGrid:None EditorOnly:0 RuntimeOnly:0 HLODRelevant:1 FolderPath:Playground FolderGuid:9FE5E8B349AF71F05F2688921F3F2AC5
 |   |   |- Guid:CCDD89584E0A9025F52AEDA51D60CA54 BaseClass: NativeClass:/Script/NavigationSystem.NavMeshBoundsVolume Name:NavMeshBoundsVolume_1 Label:NavMeshBoundsVolume SpatiallyLoaded:0 Bounds:IsValid=true, Min=(X=-100.000 Y=-100.000 Z=-1146.875), Max=(X=3100.000 Y=3600.000 Z=1426.875) RuntimeGrid:None EditorOnly:0 RuntimeOnly:0 HLODRelevant:0 FolderPath:Navigation FolderGuid:AE45D61F453CC144CF8289862C276E89
 |   |   |- Guid:D24D61B944EF71BE7BC469B7EB239299 BaseClass: NativeClass:/Script/Engine.ExponentialHeightFog Name:ExponentialHeightFog_1 Label:ExponentialHeightFog SpatiallyLoaded:0 Bounds:IsValid=true, Min=(X=-5600.000 Y=-50.000 Z=-6850.000), Max=(X=-5600.000 Y=-50.000 Z=-6850.000) RuntimeGrid:None EditorOnly:0 RuntimeOnly:0 HLODRelevant:0 FolderPath:Lighting FolderGuid:4C9334684BA61B42C769F799D2576455
 |   |   |- Guid:F33CC5014C49925B3A9D52A063AF483F BaseClass: NativeClass:/Script/Engine.PlayerStart Name:PlayerStart_0 Label:PlayerStart SpatiallyLoaded:0 Bounds:IsValid=true, Min=(X=960.000 Y=1770.000 Z=7600.013), Max=(X=1040.000 Y=1850.000 Z=7784.013) RuntimeGrid:None EditorOnly:0 RuntimeOnly:0 HLODRelevant:0
 |   |   |- Guid:F8C301CD4E3CA5FAFF6973BCA91610CE BaseClass:/Game/TopDown/Blueprints/ennemies/BP_E_Manchot.BP_E_Manchot_C NativeClass:/Script/Engine.Character Name:BP_E_Manchot_C_UAID_C85ACFC1DC7FC9B601_1205517727 Label:BP_E_Manchot SpatiallyLoaded:1 Bounds:IsValid=true, Min=(X=966.000 Y=1236.000 Z=8002.000), Max=(X=1034.000 Y=1304.000 Z=8178.000) RuntimeGrid:None EditorOnly:0 RuntimeOnly:0 HLODRelevant:0
 |   |- [+] Clusters:
 |   |   |- [+] [  0]
 |   |   |   |- Guid:0F4324B34E091887A24AD9995AE727D1 BaseClass: NativeClass:/Script/Engine.StaticMeshActor Name:StaticMeshActor_23 Label:SM_Cube6 SpatiallyLoaded:1 Bounds:IsValid=true, Min=(X=1300.000 Y=-2500.000 Z=-800.000), Max=(X=1400.000 Y=5500.000 Z=9200.000) RuntimeGrid:None EditorOnly:0 RuntimeOnly:0 HLODRelevant:1 FolderPath:Playground FolderGuid:9FE5E8B349AF71F05F2688921F3F2AC5
 |   |   |- [+] [  1]
 |   |   |   |- Guid:CCDD89584E0A9025F52AEDA51D60CA54 BaseClass: NativeClass:/Script/NavigationSystem.NavMeshBoundsVolume Name:NavMeshBoundsVolume_1 Label:NavMeshBoundsVolume SpatiallyLoaded:0 Bounds:IsValid=true, Min=(X=-100.000 Y=-100.000 Z=-1146.875), Max=(X=3100.000 Y=3600.000 Z=1426.875) RuntimeGrid:None EditorOnly:0 RuntimeOnly:0 HLODRelevant:0 FolderPath:Navigation FolderGuid:AE45D61F453CC144CF8289862C276E89
 |   |   |- [+] [  2]
 |   |   |   |- Guid:655948694F774DAC0FFCD3B523AE1F33 BaseClass: NativeClass:/Script/Engine.StaticMeshActor Name:StaticMeshActor_UAID_C85ACFC1DC7F0AB701_1419668169 Label:SM_Cube9 SpatiallyLoaded:1 Bounds:IsValid=true, Min=(X=-600.000 Y=5400.000 Z=-800.000), Max=(X=1400.000 Y=5500.000 Z=9200.000) RuntimeGrid:None EditorOnly:0 RuntimeOnly:0 HLODRelevant:1 FolderPath:Playground FolderGuid:9FE5E8B349AF71F05F2688921F3F2AC5
 |   |   |- [+] [  3]
 |   |   |   |- Guid:AD68EAA24473F385F7FC7C9DF886ABC0 BaseClass:/Game/TopDown/Blueprints/ennemies/BP_E_Requingue.BP_E_Requingue_C NativeClass:/Script/Engine.Character Name:BP_E_Requingue_C_UAID_C85ACFC1DC7FDCB601_1271466071 Label:BP_E_Requingue SpatiallyLoaded:1 Bounds:IsValid=true, Min=(X=890.000 Y=2207.500 Z=8002.000), Max=(X=1072.500 Y=2332.500 Z=8178.000) RuntimeGrid:None EditorOnly:0 RuntimeOnly:0 HLODRelevant:0
 |   |   |- [+] [  4]
 |   |   |   |- Guid:1FEC8FAC495CEF0CE32492ADCBB96BAE BaseClass: NativeClass:/Script/AIModule.NavLinkProxy Name:NavLinkProxy_3 Label:NavLinkProxy3 SpatiallyLoaded:1 Bounds:IsValid=true, Min=(X=2240.000 Y=1030.000 Z=90.000), Max=(X=2240.000 Y=1030.000 Z=90.000) RuntimeGrid:None EditorOnly:0 RuntimeOnly:0 HLODRelevant:0 FolderPath:Navigation FolderGuid:AE45D61F453CC144CF8289862C276E89
 |   |   |- [+] [  5]
 |   |   |   |- Guid:6775CBFB4F6DF0C60ACD40B270B269A8 BaseClass: NativeClass:/Script/Engine.StaticMeshActor Name:StaticMeshActor_UAID_C85ACFC1DC7F0AB701_1174578167 Label:SM_Cube7 SpatiallyLoaded:1 Bounds:IsValid=true, Min=(X=-600.000 Y=-2500.000 Z=-800.000), Max=(X=1400.000 Y=5500.000 Z=-700.000) RuntimeGrid:None EditorOnly:0 RuntimeOnly:0 HLODRelevant:1 FolderPath:Playground FolderGuid:9FE5E8B349AF71F05F2688921F3F2AC5
 |   |   |- [+] [  6]
 |   |   |   |- Guid:6252C7D64ACF162A73EE65B11FE214D1 BaseClass: NativeClass:/Script/Engine.SkyAtmosphere Name:SkyAtmosphere_1 Label:SkyAtmosphere SpatiallyLoaded:0 Bounds:IsValid=true, Min=(X=0.000 Y=0.000 Z=1020.000), Max=(X=0.000 Y=0.000 Z=1020.000) RuntimeGrid:None EditorOnly:0 RuntimeOnly:0 HLODRelevant:0 FolderPath:Lighting FolderGuid:4C9334684BA61B42C769F799D2576455
 |   |   |- [+] [  7]
 |   |   |   |- Guid:D24D61B944EF71BE7BC469B7EB239299 BaseClass: NativeClass:/Script/Engine.ExponentialHeightFog Name:ExponentialHeightFog_1 Label:ExponentialHeightFog SpatiallyLoaded:0 Bounds:IsValid=true, Min=(X=-5600.000 Y=-50.000 Z=-6850.000), Max=(X=-5600.000 Y=-50.000 Z=-6850.000) RuntimeGrid:None EditorOnly:0 RuntimeOnly:0 HLODRelevant:0 FolderPath:Lighting FolderGuid:4C9334684BA61B42C769F799D2576455
 |   |   |- [+] [  8]
 |   |   |   |- Guid:77F893B3468595EE782136AD620D7EF4 BaseClass: NativeClass:/Script/Engine.VolumetricCloud Name:VolumetricCloud_0 Label:VolumetricCloud SpatiallyLoaded:0 Bounds:IsValid=true, Min=(X=0.000 Y=0.000 Z=820.000), Max=(X=0.000 Y=0.000 Z=820.000) RuntimeGrid:None EditorOnly:0 RuntimeOnly:0 HLODRelevant:0 FolderPath:Lighting FolderGuid:4C9334684BA61B42C769F799D2576455
 |   |   |- [+] [  9]
 |   |   |   |- Guid:F33CC5014C49925B3A9D52A063AF483F BaseClass: NativeClass:/Script/Engine.PlayerStart Name:PlayerStart_0 Label:PlayerStart SpatiallyLoaded:0 Bounds:IsValid=true, Min=(X=960.000 Y=1770.000 Z=7600.013), Max=(X=1040.000 Y=1850.000 Z=7784.013) RuntimeGrid:None EditorOnly:0 RuntimeOnly:0 HLODRelevant:0
 |   |   |- [+] [ 10]
 |   |   |   |- Guid:147C8D134B12D635012D5F8C57D2C96F BaseClass: NativeClass:/Script/Engine.PostProcessVolume Name:PostProcessVolume_1 Label:PostProcessVolume SpatiallyLoaded:0 Bounds:IsValid=true, Min=(X=0.000 Y=0.000 Z=400.000), Max=(X=200.000 Y=200.000 Z=600.000) RuntimeGrid:None EditorOnly:0 RuntimeOnly:0 HLODRelevant:0 FolderPath:Lighting FolderGuid:4C9334684BA61B42C769F799D2576455
 |   |   |- [+] [ 11]
 |   |   |   |- Guid:AECEEEE741E6DE68F6843FA49564A956 BaseClass: NativeClass:/Script/Engine.DirectionalLight Name:DirectionalLight_1 Label:DirectionalLight SpatiallyLoaded:0 Bounds:IsValid=true, Min=(X=-4398046511104.000 Y=-4398046511104.000 Z=-4398046511104.000), Max=(X=4398046511104.000 Y=4398046511104.000 Z=4398046511104.000) RuntimeGrid:None EditorOnly:0 RuntimeOnly:0 HLODRelevant:0 FolderPath:Lighting FolderGuid:4C9334684BA61B42C769F799D2576455
 |   |   |- [+] [ 12]
 |   |   |   |- Guid:2DF0D95440BE0EDA81652F860DC7268E BaseClass: NativeClass:/Script/Engine.WorldDataLayers Name:WorldDataLayers Label:WorldDataLayers SpatiallyLoaded:0 Bounds:IsValid=true, Min=(X=0.000 Y=0.000 Z=0.000), Max=(X=0.000 Y=0.000 Z=0.000) RuntimeGrid:None EditorOnly:0 RuntimeOnly:0 HLODRelevant:0
 |   |   |- [+] [ 13]
 |   |   |   |- Guid:736898D74D6B146CA12243A89E100427 BaseClass:/Game/Characters/Poisson/BluePrint/BP_E_Poissongue.BP_E_Poissongue_C NativeClass:/Script/Engine.Character Name:BP_E_Poissongue_C_UAID_C85ACFC1DC7FC5B601_1338509024 Label:BP_E_Poissongue2 SpatiallyLoaded:1 Bounds:IsValid=true, Min=(X=966.000 Y=2794.361 Z=7663.761), Max=(X=1034.000 Y=2864.000 Z=7756.239) RuntimeGrid:None EditorOnly:0 RuntimeOnly:0 HLODRelevant:0
 |   |   |- [+] [ 14]
 |   |   |   |- Guid:66BCBF874D2A22ADC6523B95EE812CA3 BaseClass: NativeClass:/Script/Engine.StaticMeshActor Name:StaticMeshActor_UAID_A4AE111137DC5CFB00_1660657071 Label:SM_SkySphere SpatiallyLoaded:0 Bounds:IsValid=true, Min=(X=-1638400.000 Y=-1638400.000 Z=-1638400.000), Max=(X=1638400.000 Y=1638400.000 Z=1638400.000) RuntimeGrid:None EditorOnly:0 RuntimeOnly:0 HLODRelevant:1 FolderPath:Lighting FolderGuid:4C9334684BA61B42C769F799D2576455
 |   |   |- [+] [ 15]
 |   |   |   |- Guid:AAD29F3843F0097FB4DC90A75120D32B BaseClass:/Game/Characters/Poisson/BluePrint/BP_E_Poissongue.BP_E_Poissongue_C NativeClass:/Script/Engine.Character Name:BP_E_Poissongue_C_UAID_C85ACFC1DC7FC4B601_1664435847 Label:BP_E_Poissongue SpatiallyLoaded:1 Bounds:IsValid=true, Min=(X=966.000 Y=2454.361 Z=7623.761), Max=(X=1034.000 Y=2524.000 Z=7716.239) RuntimeGrid:None EditorOnly:0 RuntimeOnly:0 HLODRelevant:0
 |   |   |- [+] [ 16]
 |   |   |   |- Guid:C596306946D092A6055FC49602E6697D BaseClass: NativeClass:/Script/Engine.StaticMeshActor Name:StaticMeshActor_UAID_C85ACFC1DC7F0AB701_1408368168 Label:SM_Cube8 SpatiallyLoaded:1 Bounds:IsValid=true, Min=(X=-600.000 Y=-2500.000 Z=-800.000), Max=(X=1400.000 Y=-2400.000 Z=9200.000) RuntimeGrid:None EditorOnly:0 RuntimeOnly:0 HLODRelevant:1 FolderPath:Playground FolderGuid:9FE5E8B349AF71F05F2688921F3F2AC5
 |   |   |- [+] [ 17]
 |   |   |   |- Guid:1742DF43475F097453197AA79C7473D9 BaseClass: NativeClass:/Script/Engine.SkyLight Name:SkyLight_1 Label:SkyLight SpatiallyLoaded:0 Bounds:IsValid=true, Min=(X=0.000 Y=0.000 Z=690.000), Max=(X=0.000 Y=0.000 Z=690.000) RuntimeGrid:None EditorOnly:0 RuntimeOnly:0 HLODRelevant:0 FolderPath:Lighting FolderGuid:4C9334684BA61B42C769F799D2576455
 |   |   |- [+] [ 18]
 |   |   |   |- Guid:F8C301CD4E3CA5FAFF6973BCA91610CE BaseClass:/Game/TopDown/Blueprints/ennemies/BP_E_Manchot.BP_E_Manchot_C NativeClass:/Script/Engine.Character Name:BP_E_Manchot_C_UAID_C85ACFC1DC7FC9B601_1205517727 Label:BP_E_Manchot SpatiallyLoaded:1 Bounds:IsValid=true, Min=(X=966.000 Y=1236.000 Z=8002.000), Max=(X=1034.000 Y=1304.000 Z=8178.000) RuntimeGrid:None EditorOnly:0 RuntimeOnly:0 HLODRelevant:0
 |   |   |- [+] [ 19]
 |   |   |   |- Guid:1D4635394DB9E4001E8A6084ADFA34DA BaseClass:/Game/Characters/Poisson/BluePrint/BP_E_Poissongue.BP_E_Poissongue_C NativeClass:/Script/Engine.Character Name:BP_E_Poissongue_C_UAID_C85ACFC1DC7FC5B601_1338968025 Label:BP_E_Poissongue3 SpatiallyLoaded:1 Bounds:IsValid=true, Min=(X=966.000 Y=2184.361 Z=7643.761), Max=(X=1034.000 Y=2254.000 Z=7736.239) RuntimeGrid:None EditorOnly:0 RuntimeOnly:0 HLODRelevant:0
 |   |   |- [+] [ 20]
 |   |   |   |- Guid:BCAEE852423006CDD9B8CEBB856062B3 BaseClass:/Game/TopDown/Blueprints/ennemies/BP_Bernard.BP_Bernard_C NativeClass:/Script/Engine.Character Name:BP_Bernard_C_UAID_C85ACFC1DC7F14B701_1750325927 Label:BP_Bernard SpatiallyLoaded:1 Bounds:IsValid=true, Min=(X=900.000 Y=1940.000 Z=7034.000), Max=(X=1100.000 Y=2140.000 Z=7386.000) RuntimeGrid:None EditorOnly:0 RuntimeOnly:0 HLODRelevant:0
 |- ContainerInstances:
 |- [+] MainContainer:
 |   |-        ID: 0x0000000000000000
 |   |-    Bounds: IsValid=false, Min=(X=0.000 Y=0.000 Z=0.000), Max=(X=0.000 Y=0.000 Z=0.000)
 |   |- Transform: 0.000000,0.000000,0.000000|0.000000,0.000000,-0.000000|1.000000,1.000000,1.000000
 |   |- Container: /Game/TopDown/Maps/TopDownMap
----------------------------------------------------------------------------------------------------------------
TopDownMap - Persistent Level
----------------------------------------------------------------------------------------------------------------
Always loaded Actor Count: 41 

----------------------------------------------------------------------------------------------------------------
TopDownMap - Runtime Spatial Hash - Streaming Grid - MainGrid
----------------------------------------------------------------------------------------------------------------
            Origin: X=0.000 Y=0.000 Z=0.000
         Cell Size: 12800
      World Bounds: IsValid=false, Min=(X=0.000 Y=0.000 Z=0.000), Max=(X=0.000 Y=0.000 Z=0.000)
     Loading Range: 25600.00
Block Slow Loading: No
 ClientOnlyVisible: No

[+] Grid Levels: 1
 |- Level  0: Cell Count    0 | Cell Size   12800 | Actor Count    0 (0.0%)

[+] Content of Grid Level 0

