[+] Containers:
 |- [+] Container: /Game/TopDown/Maps/TopDownMap
 |   |- [+] ActorDescs:
 |   |   |- Guid:03AFEF6A46682E76782EA2BC819423D8 BaseClass: NativeClass:/Script/Niagara.NiagaraActor Name:NiagaraActor_UAID_6C02E0793D4C1AB701_1087635986 Label:NS_Stuff SpatiallyLoaded:1 Bounds:IsValid=true, Min=(X=-1347.852 Y=-2010.405 Z=8333.530), Max=(X=1751.383 Y=2068.571 Z=8966.471) RuntimeGrid:None EditorOnly:0 RuntimeOnly:0 HLODRelevant:0
 |   |   |- Guid:0EA8666B4BCB24A5BF513DB07EA1A569 BaseClass: NativeClass:/Script/Engine.ExponentialHeightFog Name:ExponentialHeightFog_UAID_6C02E0793D4C1AB701_1554344987 Label:ExponentialHeightFog2 SpatiallyLoaded:0 Bounds:IsValid=true, Min=(X=50.000 Y=1470.000 Z=9030.000), Max=(X=50.000 Y=1470.000 Z=9030.000) RuntimeGrid:None EditorOnly:0 RuntimeOnly:0 HLODRelevant:0
 |   |   |- Guid:0F4324B34E091887A24AD9995AE727D1 BaseClass: NativeClass:/Script/Engine.StaticMeshActor Name:StaticMeshActor_23 Label:SM_Cube6 SpatiallyLoaded:1 Bounds:IsValid=true, Min=(X=1300.000 Y=-2500.000 Z=-800.000), Max=(X=1400.000 Y=5500.000 Z=9200.000) RuntimeGrid:None EditorOnly:0 RuntimeOnly:0 HLODRelevant:1 FolderPath:Playground FolderGuid:9FE5E8B349AF71F05F2688921F3F2AC5
 |   |   |- Guid:147C8D134B12D635012D5F8C57D2C96F BaseClass: NativeClass:/Script/Engine.PostProcessVolume Name:PostProcessVolume_1 Label:PostProcessVolume SpatiallyLoaded:0 Bounds:IsValid=true, Min=(X=0.000 Y=0.000 Z=400.000), Max=(X=200.000 Y=200.000 Z=600.000) RuntimeGrid:None EditorOnly:0 RuntimeOnly:0 HLODRelevant:0 FolderPath:Lighting FolderGuid:4C9334684BA61B42C769F799D2576455
 |   |   |- Guid:1742DF43475F097453197AA79C7473D9 BaseClass: NativeClass:/Script/Engine.SkyLight Name:SkyLight_1 Label:SkyLight SpatiallyLoaded:0 Bounds:IsValid=true, Min=(X=0.000 Y=0.000 Z=690.000), Max=(X=0.000 Y=0.000 Z=690.000) RuntimeGrid:None EditorOnly:0 RuntimeOnly:0 HLODRelevant:0 FolderPath:Lighting FolderGuid:4C9334684BA61B42C769F799D2576455
 |   |   |- Guid:1872B41F4EC9B16B2D4B2AAEB262F22A BaseClass: NativeClass:/Script/Engine.StaticMeshActor Name:StaticMeshActor_UAID_6C02E0793D4C19B701_1079103809 Label:Plane SpatiallyLoaded:1 Bounds:IsValid=true, Min=(X=1260.000 Y=-2412.500 Z=-880.000), Max=(X=1260.000 Y=5412.500 Z=9920.000) RuntimeGrid:None EditorOnly:0 RuntimeOnly:0 HLODRelevant:1
 |   |   |- Guid:1D4635394DB9E4001E8A6084ADFA34DA BaseClass:/Game/Characters/Poisson/BluePrint/BP_E_Poissongue.BP_E_Poissongue_C NativeClass:/Script/Engine.Character Name:BP_E_Poissongue_C_UAID_C85ACFC1DC7FC5B601_1338968025 Label:BP_E_Poissongue3 SpatiallyLoaded:1 Bounds:IsValid=true, Min=(X=966.000 Y=2184.361 Z=7643.761), Max=(X=1034.000 Y=2254.000 Z=7736.239) RuntimeGrid:None EditorOnly:0 RuntimeOnly:0 HLODRelevant:0
 |   |   |- Guid:1FEC8FAC495CEF0CE32492ADCBB96BAE BaseClass: NativeClass:/Script/AIModule.NavLinkProxy Name:NavLinkProxy_3 Label:NavLinkProxy3 SpatiallyLoaded:1 Bounds:IsValid=true, Min=(X=2240.000 Y=1030.000 Z=90.000), Max=(X=2240.000 Y=1030.000 Z=90.000) RuntimeGrid:None EditorOnly:0 RuntimeOnly:0 HLODRelevant:0 FolderPath:Navigation FolderGuid:AE45D61F453CC144CF8289862C276E89
 |   |   |- Guid:22FD1CD149A8D4222984BFB4535A022C BaseClass: NativeClass:/Script/Niagara.NiagaraActor Name:NiagaraActor_UAID_6C02E0793D4C1CB701_1585037350 Label:NS_Stuff9 SpatiallyLoaded:1 Bounds:IsValid=true, Min=(X=-473.783 Y=1470.710 Z=4547.767), Max=(X=1430.433 Y=3949.403 Z=5583.615) RuntimeGrid:None EditorOnly:0 RuntimeOnly:0 HLODRelevant:0
 |   |   |- Guid:2DF0D95440BE0EDA81652F860DC7268E BaseClass: NativeClass:/Script/Engine.WorldDataLayers Name:WorldDataLayers Label:WorldDataLayers SpatiallyLoaded:0 Bounds:IsValid=true, Min=(X=0.000 Y=0.000 Z=0.000), Max=(X=0.000 Y=0.000 Z=0.000) RuntimeGrid:None EditorOnly:0 RuntimeOnly:0 HLODRelevant:0
 |   |   |- Guid:3A58AB624335AFBD4C4A70AFDA823DF0 BaseClass: NativeClass:/Script/Water.WaterBodyCustom Name:WaterBodyCustom_UAID_6C02E0793D4C17B701_1813054455 Label:WaterBodyCustom SpatiallyLoaded:1 Bounds:IsValid=true, Min=(X=-660.000 Y=-2436.000 Z=-624.000), Max=(X=1380.000 Y=5436.000 Z=9318.000) RuntimeGrid:None EditorOnly:0 RuntimeOnly:0 HLODRelevant:1
 |   |   |- Guid:4F3382B740A661A02DCB6098CC4B201F BaseClass: NativeClass:/Script/Niagara.NiagaraActor Name:NiagaraActor_UAID_6C02E0793D4C1CB701_1475530349 Label:NS_Stuff8 SpatiallyLoaded:1 Bounds:IsValid=true, Min=(X=-474.081 Y=1502.004 Z=3402.967), Max=(X=1372.418 Y=4335.412 Z=4430.408) RuntimeGrid:None EditorOnly:0 RuntimeOnly:0 HLODRelevant:0
 |   |   |- Guid:52D152AE4252583A1537669FF30DAC89 BaseClass: NativeClass:/Script/Niagara.NiagaraActor Name:NiagaraActor_UAID_6C02E0793D4C1CB701_1315477345 Label:NS_Stuff4 SpatiallyLoaded:1 Bounds:IsValid=true, Min=(X=-283.922 Y=923.953 Z=5212.623), Max=(X=1761.057 Y=3919.604 Z=6224.749) RuntimeGrid:None EditorOnly:0 RuntimeOnly:0 HLODRelevant:0
 |   |   |- Guid:6252C7D64ACF162A73EE65B11FE214D1 BaseClass: NativeClass:/Script/Engine.SkyAtmosphere Name:SkyAtmosphere_1 Label:SkyAtmosphere SpatiallyLoaded:0 Bounds:IsValid=true, Min=(X=0.000 Y=0.000 Z=1020.000), Max=(X=0.000 Y=0.000 Z=1020.000) RuntimeGrid:None EditorOnly:0 RuntimeOnly:0 HLODRelevant:0 FolderPath:Lighting FolderGuid:4C9334684BA61B42C769F799D2576455
 |   |   |- Guid:655948694F774DAC0FFCD3B523AE1F33 BaseClass: NativeClass:/Script/Engine.StaticMeshActor Name:StaticMeshActor_UAID_C85ACFC1DC7F0AB701_1419668169 Label:SM_Cube9 SpatiallyLoaded:1 Bounds:IsValid=true, Min=(X=-600.000 Y=5400.000 Z=-800.000), Max=(X=1400.000 Y=5500.000 Z=9200.000) RuntimeGrid:None EditorOnly:0 RuntimeOnly:0 HLODRelevant:1 FolderPath:Playground FolderGuid:9FE5E8B349AF71F05F2688921F3F2AC5
 |   |   |- Guid:66BCBF874D2A22ADC6523B95EE812CA3 BaseClass: NativeClass:/Script/Engine.StaticMeshActor Name:StaticMeshActor_UAID_A4AE111137DC5CFB00_1660657071 Label:SM_SkySphere SpatiallyLoaded:0 Bounds:IsValid=true, Min=(X=-1638400.000 Y=-1638400.000 Z=-1638400.000), Max=(X=1638400.000 Y=1638400.000 Z=1638400.000) RuntimeGrid:None EditorOnly:0 RuntimeOnly:0 HLODRelevant:1 FolderPath:Lighting FolderGuid:4C9334684BA61B42C769F799D2576455
 |   |   |- Guid:6775CBFB4F6DF0C60ACD40B270B269A8 BaseClass: NativeClass:/Script/Engine.StaticMeshActor Name:StaticMeshActor_UAID_C85ACFC1DC7F0AB701_1174578167 Label:SM_Cube7 SpatiallyLoaded:1 Bounds:IsValid=true, Min=(X=-600.000 Y=-2500.000 Z=-800.000), Max=(X=1400.000 Y=5500.000 Z=-700.000) RuntimeGrid:None EditorOnly:0 RuntimeOnly:0 HLODRelevant:1 FolderPath:Playground FolderGuid:9FE5E8B349AF71F05F2688921F3F2AC5
 |   |   |- Guid:736898D74D6B146CA12243A89E100427 BaseClass:/Game/Characters/Poisson/BluePrint/BP_E_Poissongue.BP_E_Poissongue_C NativeClass:/Script/Engine.Character Name:BP_E_Poissongue_C_UAID_C85ACFC1DC7FC5B601_1338509024 Label:BP_E_Poissongue2 SpatiallyLoaded:1 Bounds:IsValid=true, Min=(X=966.000 Y=2794.361 Z=7663.761), Max=(X=1034.000 Y=2864.000 Z=7756.239) RuntimeGrid:None EditorOnly:0 RuntimeOnly:0 HLODRelevant:0
 |   |   |- Guid:76FF490641460F116E210C9CE3ED4ACD BaseClass: NativeClass:/Script/Niagara.NiagaraActor Name:NiagaraActor_UAID_6C02E0793D4C1CB701_1207975343 Label:NS_Stuff2 SpatiallyLoaded:1 Bounds:IsValid=true, Min=(X=-1326.612 Y=-2001.867 Z=7851.313), Max=(X=1839.405 Y=3251.935 Z=8489.287) RuntimeGrid:None EditorOnly:0 RuntimeOnly:0 HLODRelevant:0
 |   |   |- Guid:77F893B3468595EE782136AD620D7EF4 BaseClass: NativeClass:/Script/Engine.VolumetricCloud Name:VolumetricCloud_0 Label:VolumetricCloud SpatiallyLoaded:0 Bounds:IsValid=true, Min=(X=0.000 Y=6280.000 Z=820.000), Max=(X=0.000 Y=6280.000 Z=820.000) RuntimeGrid:None EditorOnly:0 RuntimeOnly:0 HLODRelevant:0 FolderPath:Lighting FolderGuid:4C9334684BA61B42C769F799D2576455
 |   |   |- Guid:7F221CF1454095FA166CBF920B95F28E BaseClass: NativeClass:/Script/Water.WaterZone Name:WaterZone_UAID_6C02E0793D4C17B701_1813111456 Label:WaterZone SpatiallyLoaded:0 Bounds:IsValid=true, Min=(X=-25600.000 Y=-25600.000 Z=-25600.000), Max=(X=25600.000 Y=25600.000 Z=25600.000) RuntimeGrid:None EditorOnly:0 RuntimeOnly:0 HLODRelevant:0
 |   |   |- Guid:88B2A75E44588BF48E1B848BDAE9D1F1 BaseClass: NativeClass:/Script/Niagara.NiagaraActor Name:NiagaraActor_UAID_6C02E0793D4C1CB701_1600009351 Label:NS_Stuff10 SpatiallyLoaded:1 Bounds:IsValid=true, Min=(X=-135.919 Y=732.484 Z=1421.428), Max=(X=1239.815 Y=3036.080 Z=2487.098) RuntimeGrid:None EditorOnly:0 RuntimeOnly:0 HLODRelevant:0
 |   |   |- Guid:8DC706D8426E029F6738D8B33541523C BaseClass: NativeClass:/Script/Niagara.NiagaraActor Name:NiagaraActor_UAID_6C02E0793D4C1CB701_1275920344 Label:NS_Stuff3 SpatiallyLoaded:1 Bounds:IsValid=true, Min=(X=-369.661 Y=688.811 Z=6132.529), Max=(X=1603.127 Y=3597.915 Z=8165.052) RuntimeGrid:None EditorOnly:0 RuntimeOnly:0 HLODRelevant:0
 |   |   |- Guid:9887DC0E40F40EC25440B8A45CB809B1 BaseClass: NativeClass:/Script/Niagara.NiagaraActor Name:NiagaraActor_UAID_6C02E0793D4C1CB701_1373429347 Label:NS_Stuff6 SpatiallyLoaded:1 Bounds:IsValid=true, Min=(X=-96.856 Y=1491.362 Z=3755.327), Max=(X=1750.638 Y=4150.255 Z=4593.874) RuntimeGrid:None EditorOnly:0 RuntimeOnly:0 HLODRelevant:0
 |   |   |- Guid:9A167E8A403883EA43BB319DFA60C899 BaseClass: NativeClass:/Script/Engine.StaticMeshActor Name:StaticMeshActor_UAID_6C02E0793D4C1DB701_1281997528 Label:Cylinder_Cut SpatiallyLoaded:1 Bounds:IsValid=true, Min=(X=411.669 Y=-1449.987 Z=7911.280), Max=(X=554.169 Y=-615.954 Z=9215.534) RuntimeGrid:None EditorOnly:0 RuntimeOnly:0 HLODRelevant:1
 |   |   |- Guid:AAD29F3843F0097FB4DC90A75120D32B BaseClass:/Game/Characters/Poisson/BluePrint/BP_E_Poissongue.BP_E_Poissongue_C NativeClass:/Script/Engine.Character Name:BP_E_Poissongue_C_UAID_C85ACFC1DC7FC4B601_1664435847 Label:BP_E_Poissongue SpatiallyLoaded:1 Bounds:IsValid=true, Min=(X=966.000 Y=2454.361 Z=7623.761), Max=(X=1034.000 Y=2524.000 Z=7716.239) RuntimeGrid:None EditorOnly:0 RuntimeOnly:0 HLODRelevant:0
 |   |   |- Guid:AD68EAA24473F385F7FC7C9DF886ABC0 BaseClass:/Game/TopDown/Blueprints/ennemies/BP_E_Requingue.BP_E_Requingue_C NativeClass:/Script/Engine.Character Name:BP_E_Requingue_C_UAID_C85ACFC1DC7FDCB601_1271466071 Label:BP_E_Requingue SpatiallyLoaded:1 Bounds:IsValid=true, Min=(X=890.000 Y=2207.500 Z=8002.000), Max=(X=1072.500 Y=2332.500 Z=8178.000) RuntimeGrid:None EditorOnly:0 RuntimeOnly:0 HLODRelevant:0
 |   |   |- Guid:AE8211CC484287B83F957491BFC5D2D5 BaseClass: NativeClass:/Script/Niagara.NiagaraActor Name:NiagaraActor_UAID_6C02E0793D4C1CB701_1386619348 Label:NS_Stuff7 SpatiallyLoaded:1 Bounds:IsValid=true, Min=(X=-77.254 Y=-2111.309 Z=444.729), Max=(X=1454.876 Y=3550.195 Z=1982.026) RuntimeGrid:None EditorOnly:0 RuntimeOnly:0 HLODRelevant:0
 |   |   |- Guid:AECEEEE741E6DE68F6843FA49564A956 BaseClass: NativeClass:/Script/Engine.DirectionalLight Name:DirectionalLight_1 Label:DirectionalLight SpatiallyLoaded:0 Bounds:IsValid=true, Min=(X=-4398046511104.000 Y=-4398046511104.000 Z=-4398046511104.000), Max=(X=4398046511104.000 Y=4398046511104.000 Z=4398046511104.000) RuntimeGrid:None EditorOnly:0 RuntimeOnly:0 HLODRelevant:0 FolderPath:Lighting FolderGuid:4C9334684BA61B42C769F799D2576455
 |   |   |- Guid:BCAEE852423006CDD9B8CEBB856062B3 BaseClass:/Game/TopDown/Blueprints/ennemies/BP_Bernard.BP_Bernard_C NativeClass:/Script/Engine.Character Name:BP_Bernard_C_UAID_C85ACFC1DC7F14B701_1750325927 Label:BP_Bernard SpatiallyLoaded:1 Bounds:IsValid=true, Min=(X=900.000 Y=1940.000 Z=7034.000), Max=(X=1100.000 Y=2140.000 Z=7386.000) RuntimeGrid:None EditorOnly:0 RuntimeOnly:0 HLODRelevant:0
 |   |   |- Guid:C596306946D092A6055FC49602E6697D BaseClass: NativeClass:/Script/Engine.StaticMeshActor Name:StaticMeshActor_UAID_C85ACFC1DC7F0AB701_1408368168 Label:SM_Cube8 SpatiallyLoaded:1 Bounds:IsValid=true, Min=(X=-600.000 Y=-2500.000 Z=-800.000), Max=(X=1400.000 Y=-2400.000 Z=9200.000) RuntimeGrid:None EditorOnly:0 RuntimeOnly:0 HLODRelevant:1 FolderPath:Playground FolderGuid:9FE5E8B349AF71F05F2688921F3F2AC5
 |   |   |- Guid:CCDD89584E0A9025F52AEDA51D60CA54 BaseClass: NativeClass:/Script/NavigationSystem.NavMeshBoundsVolume Name:NavMeshBoundsVolume_1 Label:NavMeshBoundsVolume SpatiallyLoaded:0 Bounds:IsValid=true, Min=(X=-100.000 Y=-100.000 Z=-1146.875), Max=(X=3100.000 Y=3600.000 Z=1426.875) RuntimeGrid:None EditorOnly:0 RuntimeOnly:0 HLODRelevant:0 FolderPath:Navigation FolderGuid:AE45D61F453CC144CF8289862C276E89
 |   |   |- Guid:D24D61B944EF71BE7BC469B7EB239299 BaseClass: NativeClass:/Script/Engine.ExponentialHeightFog Name:ExponentialHeightFog_1 Label:ExponentialHeightFog SpatiallyLoaded:0 Bounds:IsValid=true, Min=(X=-5600.000 Y=-50.000 Z=-6850.000), Max=(X=-5600.000 Y=-50.000 Z=-6850.000) RuntimeGrid:None EditorOnly:0 RuntimeOnly:0 HLODRelevant:0 FolderPath:Lighting FolderGuid:4C9334684BA61B42C769F799D2576455
 |   |   |- Guid:F33CC5014C49925B3A9D52A063AF483F BaseClass: NativeClass:/Script/Engine.PlayerStart Name:PlayerStart_0 Label:PlayerStart SpatiallyLoaded:0 Bounds:IsValid=true, Min=(X=960.000 Y=1770.000 Z=7600.013), Max=(X=1040.000 Y=1850.000 Z=7784.013) RuntimeGrid:None EditorOnly:0 RuntimeOnly:0 HLODRelevant:0
 |   |   |- Guid:F7BBE41F4F2DD399A6DDDDBCEC221663 BaseClass: NativeClass:/Script/Niagara.NiagaraActor Name:NiagaraActor_UAID_6C02E0793D4C1CB701_1332992346 Label:NS_Stuff5 SpatiallyLoaded:1 Bounds:IsValid=true, Min=(X=60.852 Y=616.032 Z=2149.935), Max=(X=1714.823 Y=3311.279 Z=3976.886) RuntimeGrid:None EditorOnly:0 RuntimeOnly:0 HLODRelevant:0
 |   |   |- Guid:F8C301CD4E3CA5FAFF6973BCA91610CE BaseClass:/Game/TopDown/Blueprints/ennemies/BP_E_Manchot.BP_E_Manchot_C NativeClass:/Script/Engine.Character Name:BP_E_Manchot_C_UAID_C85ACFC1DC7FC9B601_1205517727 Label:BP_E_Manchot SpatiallyLoaded:1 Bounds:IsValid=true, Min=(X=966.000 Y=1236.000 Z=8002.000), Max=(X=1034.000 Y=1304.000 Z=8178.000) RuntimeGrid:None EditorOnly:0 RuntimeOnly:0 HLODRelevant:0
 |   |- [+] Clusters:
 |   |   |- [+] [  0]
 |   |   |   |- Guid:0F4324B34E091887A24AD9995AE727D1 BaseClass: NativeClass:/Script/Engine.StaticMeshActor Name:StaticMeshActor_23 Label:SM_Cube6 SpatiallyLoaded:1 Bounds:IsValid=true, Min=(X=1300.000 Y=-2500.000 Z=-800.000), Max=(X=1400.000 Y=5500.000 Z=9200.000) RuntimeGrid:None EditorOnly:0 RuntimeOnly:0 HLODRelevant:1 FolderPath:Playground FolderGuid:9FE5E8B349AF71F05F2688921F3F2AC5
 |   |   |- [+] [  1]
 |   |   |   |- Guid:CCDD89584E0A9025F52AEDA51D60CA54 BaseClass: NativeClass:/Script/NavigationSystem.NavMeshBoundsVolume Name:NavMeshBoundsVolume_1 Label:NavMeshBoundsVolume SpatiallyLoaded:0 Bounds:IsValid=true, Min=(X=-100.000 Y=-100.000 Z=-1146.875), Max=(X=3100.000 Y=3600.000 Z=1426.875) RuntimeGrid:None EditorOnly:0 RuntimeOnly:0 HLODRelevant:0 FolderPath:Navigation FolderGuid:AE45D61F453CC144CF8289862C276E89
 |   |   |- [+] [  2]
 |   |   |   |- Guid:655948694F774DAC0FFCD3B523AE1F33 BaseClass: NativeClass:/Script/Engine.StaticMeshActor Name:StaticMeshActor_UAID_C85ACFC1DC7F0AB701_1419668169 Label:SM_Cube9 SpatiallyLoaded:1 Bounds:IsValid=true, Min=(X=-600.000 Y=5400.000 Z=-800.000), Max=(X=1400.000 Y=5500.000 Z=9200.000) RuntimeGrid:None EditorOnly:0 RuntimeOnly:0 HLODRelevant:1 FolderPath:Playground FolderGuid:9FE5E8B349AF71F05F2688921F3F2AC5
 |   |   |- [+] [  3]
 |   |   |   |- Guid:AD68EAA24473F385F7FC7C9DF886ABC0 BaseClass:/Game/TopDown/Blueprints/ennemies/BP_E_Requingue.BP_E_Requingue_C NativeClass:/Script/Engine.Character Name:BP_E_Requingue_C_UAID_C85ACFC1DC7FDCB601_1271466071 Label:BP_E_Requingue SpatiallyLoaded:1 Bounds:IsValid=true, Min=(X=890.000 Y=2207.500 Z=8002.000), Max=(X=1072.500 Y=2332.500 Z=8178.000) RuntimeGrid:None EditorOnly:0 RuntimeOnly:0 HLODRelevant:0
 |   |   |- [+] [  4]
 |   |   |   |- Guid:1FEC8FAC495CEF0CE32492ADCBB96BAE BaseClass: NativeClass:/Script/AIModule.NavLinkProxy Name:NavLinkProxy_3 Label:NavLinkProxy3 SpatiallyLoaded:1 Bounds:IsValid=true, Min=(X=2240.000 Y=1030.000 Z=90.000), Max=(X=2240.000 Y=1030.000 Z=90.000) RuntimeGrid:None EditorOnly:0 RuntimeOnly:0 HLODRelevant:0 FolderPath:Navigation FolderGuid:AE45D61F453CC144CF8289862C276E89
 |   |   |- [+] [  5]
 |   |   |   |- Guid:6775CBFB4F6DF0C60ACD40B270B269A8 BaseClass: NativeClass:/Script/Engine.StaticMeshActor Name:StaticMeshActor_UAID_C85ACFC1DC7F0AB701_1174578167 Label:SM_Cube7 SpatiallyLoaded:1 Bounds:IsValid=true, Min=(X=-600.000 Y=-2500.000 Z=-800.000), Max=(X=1400.000 Y=5500.000 Z=-700.000) RuntimeGrid:None EditorOnly:0 RuntimeOnly:0 HLODRelevant:1 FolderPath:Playground FolderGuid:9FE5E8B349AF71F05F2688921F3F2AC5
 |   |   |- [+] [  6]
 |   |   |   |- Guid:6252C7D64ACF162A73EE65B11FE214D1 BaseClass: NativeClass:/Script/Engine.SkyAtmosphere Name:SkyAtmosphere_1 Label:SkyAtmosphere SpatiallyLoaded:0 Bounds:IsValid=true, Min=(X=0.000 Y=0.000 Z=1020.000), Max=(X=0.000 Y=0.000 Z=1020.000) RuntimeGrid:None EditorOnly:0 RuntimeOnly:0 HLODRelevant:0 FolderPath:Lighting FolderGuid:4C9334684BA61B42C769F799D2576455
 |   |   |- [+] [  7]
 |   |   |   |- Guid:D24D61B944EF71BE7BC469B7EB239299 BaseClass: NativeClass:/Script/Engine.ExponentialHeightFog Name:ExponentialHeightFog_1 Label:ExponentialHeightFog SpatiallyLoaded:0 Bounds:IsValid=true, Min=(X=-5600.000 Y=-50.000 Z=-6850.000), Max=(X=-5600.000 Y=-50.000 Z=-6850.000) RuntimeGrid:None EditorOnly:0 RuntimeOnly:0 HLODRelevant:0 FolderPath:Lighting FolderGuid:4C9334684BA61B42C769F799D2576455
 |   |   |- [+] [  8]
 |   |   |   |- Guid:77F893B3468595EE782136AD620D7EF4 BaseClass: NativeClass:/Script/Engine.VolumetricCloud Name:VolumetricCloud_0 Label:VolumetricCloud SpatiallyLoaded:0 Bounds:IsValid=true, Min=(X=0.000 Y=6280.000 Z=820.000), Max=(X=0.000 Y=6280.000 Z=820.000) RuntimeGrid:None EditorOnly:0 RuntimeOnly:0 HLODRelevant:0 FolderPath:Lighting FolderGuid:4C9334684BA61B42C769F799D2576455
 |   |   |- [+] [  9]
 |   |   |   |- Guid:F33CC5014C49925B3A9D52A063AF483F BaseClass: NativeClass:/Script/Engine.PlayerStart Name:PlayerStart_0 Label:PlayerStart SpatiallyLoaded:0 Bounds:IsValid=true, Min=(X=960.000 Y=1770.000 Z=7600.013), Max=(X=1040.000 Y=1850.000 Z=7784.013) RuntimeGrid:None EditorOnly:0 RuntimeOnly:0 HLODRelevant:0
 |   |   |- [+] [ 10]
 |   |   |   |- Guid:147C8D134B12D635012D5F8C57D2C96F BaseClass: NativeClass:/Script/Engine.PostProcessVolume Name:PostProcessVolume_1 Label:PostProcessVolume SpatiallyLoaded:0 Bounds:IsValid=true, Min=(X=0.000 Y=0.000 Z=400.000), Max=(X=200.000 Y=200.000 Z=600.000) RuntimeGrid:None EditorOnly:0 RuntimeOnly:0 HLODRelevant:0 FolderPath:Lighting FolderGuid:4C9334684BA61B42C769F799D2576455
 |   |   |- [+] [ 11]
 |   |   |   |- Guid:AECEEEE741E6DE68F6843FA49564A956 BaseClass: NativeClass:/Script/Engine.DirectionalLight Name:DirectionalLight_1 Label:DirectionalLight SpatiallyLoaded:0 Bounds:IsValid=true, Min=(X=-4398046511104.000 Y=-4398046511104.000 Z=-4398046511104.000), Max=(X=4398046511104.000 Y=4398046511104.000 Z=4398046511104.000) RuntimeGrid:None EditorOnly:0 RuntimeOnly:0 HLODRelevant:0 FolderPath:Lighting FolderGuid:4C9334684BA61B42C769F799D2576455
 |   |   |- [+] [ 12]
 |   |   |   |- Guid:2DF0D95440BE0EDA81652F860DC7268E BaseClass: NativeClass:/Script/Engine.WorldDataLayers Name:WorldDataLayers Label:WorldDataLayers SpatiallyLoaded:0 Bounds:IsValid=true, Min=(X=0.000 Y=0.000 Z=0.000), Max=(X=0.000 Y=0.000 Z=0.000) RuntimeGrid:None EditorOnly:0 RuntimeOnly:0 HLODRelevant:0
 |   |   |- [+] [ 13]
 |   |   |   |- Guid:736898D74D6B146CA12243A89E100427 BaseClass:/Game/Characters/Poisson/BluePrint/BP_E_Poissongue.BP_E_Poissongue_C NativeClass:/Script/Engine.Character Name:BP_E_Poissongue_C_UAID_C85ACFC1DC7FC5B601_1338509024 Label:BP_E_Poissongue2 SpatiallyLoaded:1 Bounds:IsValid=true, Min=(X=966.000 Y=2794.361 Z=7663.761), Max=(X=1034.000 Y=2864.000 Z=7756.239) RuntimeGrid:None EditorOnly:0 RuntimeOnly:0 HLODRelevant:0
 |   |   |- [+] [ 14]
 |   |   |   |- Guid:1872B41F4EC9B16B2D4B2AAEB262F22A BaseClass: NativeClass:/Script/Engine.StaticMeshActor Name:StaticMeshActor_UAID_6C02E0793D4C19B701_1079103809 Label:Plane SpatiallyLoaded:1 Bounds:IsValid=true, Min=(X=1260.000 Y=-2412.500 Z=-880.000), Max=(X=1260.000 Y=5412.500 Z=9920.000) RuntimeGrid:None EditorOnly:0 RuntimeOnly:0 HLODRelevant:1
 |   |   |- [+] [ 15]
 |   |   |   |- Guid:66BCBF874D2A22ADC6523B95EE812CA3 BaseClass: NativeClass:/Script/Engine.StaticMeshActor Name:StaticMeshActor_UAID_A4AE111137DC5CFB00_1660657071 Label:SM_SkySphere SpatiallyLoaded:0 Bounds:IsValid=true, Min=(X=-1638400.000 Y=-1638400.000 Z=-1638400.000), Max=(X=1638400.000 Y=1638400.000 Z=1638400.000) RuntimeGrid:None EditorOnly:0 RuntimeOnly:0 HLODRelevant:1 FolderPath:Lighting FolderGuid:4C9334684BA61B42C769F799D2576455
 |   |   |- [+] [ 16]
 |   |   |   |- Guid:BCAEE852423006CDD9B8CEBB856062B3 BaseClass:/Game/TopDown/Blueprints/ennemies/BP_Bernard.BP_Bernard_C NativeClass:/Script/Engine.Character Name:BP_Bernard_C_UAID_C85ACFC1DC7F14B701_1750325927 Label:BP_Bernard SpatiallyLoaded:1 Bounds:IsValid=true, Min=(X=900.000 Y=1940.000 Z=7034.000), Max=(X=1100.000 Y=2140.000 Z=7386.000) RuntimeGrid:None EditorOnly:0 RuntimeOnly:0 HLODRelevant:0
 |   |   |- [+] [ 17]
 |   |   |   |- Guid:AAD29F3843F0097FB4DC90A75120D32B BaseClass:/Game/Characters/Poisson/BluePrint/BP_E_Poissongue.BP_E_Poissongue_C NativeClass:/Script/Engine.Character Name:BP_E_Poissongue_C_UAID_C85ACFC1DC7FC4B601_1664435847 Label:BP_E_Poissongue SpatiallyLoaded:1 Bounds:IsValid=true, Min=(X=966.000 Y=2454.361 Z=7623.761), Max=(X=1034.000 Y=2524.000 Z=7716.239) RuntimeGrid:None EditorOnly:0 RuntimeOnly:0 HLODRelevant:0
 |   |   |- [+] [ 18]
 |   |   |   |- Guid:C596306946D092A6055FC49602E6697D BaseClass: NativeClass:/Script/Engine.StaticMeshActor Name:StaticMeshActor_UAID_C85ACFC1DC7F0AB701_1408368168 Label:SM_Cube8 SpatiallyLoaded:1 Bounds:IsValid=true, Min=(X=-600.000 Y=-2500.000 Z=-800.000), Max=(X=1400.000 Y=-2400.000 Z=9200.000) RuntimeGrid:None EditorOnly:0 RuntimeOnly:0 HLODRelevant:1 FolderPath:Playground FolderGuid:9FE5E8B349AF71F05F2688921F3F2AC5
 |   |   |- [+] [ 19]
 |   |   |   |- Guid:1742DF43475F097453197AA79C7473D9 BaseClass: NativeClass:/Script/Engine.SkyLight Name:SkyLight_1 Label:SkyLight SpatiallyLoaded:0 Bounds:IsValid=true, Min=(X=0.000 Y=0.000 Z=690.000), Max=(X=0.000 Y=0.000 Z=690.000) RuntimeGrid:None EditorOnly:0 RuntimeOnly:0 HLODRelevant:0 FolderPath:Lighting FolderGuid:4C9334684BA61B42C769F799D2576455
 |   |   |- [+] [ 20]
 |   |   |   |- Guid:F8C301CD4E3CA5FAFF6973BCA91610CE BaseClass:/Game/TopDown/Blueprints/ennemies/BP_E_Manchot.BP_E_Manchot_C NativeClass:/Script/Engine.Character Name:BP_E_Manchot_C_UAID_C85ACFC1DC7FC9B601_1205517727 Label:BP_E_Manchot SpatiallyLoaded:1 Bounds:IsValid=true, Min=(X=966.000 Y=1236.000 Z=8002.000), Max=(X=1034.000 Y=1304.000 Z=8178.000) RuntimeGrid:None EditorOnly:0 RuntimeOnly:0 HLODRelevant:0
 |   |   |- [+] [ 21]
 |   |   |   |- Guid:7F221CF1454095FA166CBF920B95F28E BaseClass: NativeClass:/Script/Water.WaterZone Name:WaterZone_UAID_6C02E0793D4C17B701_1813111456 Label:WaterZone SpatiallyLoaded:0 Bounds:IsValid=true, Min=(X=-25600.000 Y=-25600.000 Z=-25600.000), Max=(X=25600.000 Y=25600.000 Z=25600.000) RuntimeGrid:None EditorOnly:0 RuntimeOnly:0 HLODRelevant:0
 |   |   |- [+] [ 22]
 |   |   |   |- Guid:1D4635394DB9E4001E8A6084ADFA34DA BaseClass:/Game/Characters/Poisson/BluePrint/BP_E_Poissongue.BP_E_Poissongue_C NativeClass:/Script/Engine.Character Name:BP_E_Poissongue_C_UAID_C85ACFC1DC7FC5B601_1338968025 Label:BP_E_Poissongue3 SpatiallyLoaded:1 Bounds:IsValid=true, Min=(X=966.000 Y=2184.361 Z=7643.761), Max=(X=1034.000 Y=2254.000 Z=7736.239) RuntimeGrid:None EditorOnly:0 RuntimeOnly:0 HLODRelevant:0
 |   |   |- [+] [ 23]
 |   |   |   |- Guid:3A58AB624335AFBD4C4A70AFDA823DF0 BaseClass: NativeClass:/Script/Water.WaterBodyCustom Name:WaterBodyCustom_UAID_6C02E0793D4C17B701_1813054455 Label:WaterBodyCustom SpatiallyLoaded:1 Bounds:IsValid=true, Min=(X=-660.000 Y=-2436.000 Z=-624.000), Max=(X=1380.000 Y=5436.000 Z=9318.000) RuntimeGrid:None EditorOnly:0 RuntimeOnly:0 HLODRelevant:1
 |   |   |- [+] [ 24]
 |   |   |   |- Guid:9A167E8A403883EA43BB319DFA60C899 BaseClass: NativeClass:/Script/Engine.StaticMeshActor Name:StaticMeshActor_UAID_6C02E0793D4C1DB701_1281997528 Label:Cylinder_Cut SpatiallyLoaded:1 Bounds:IsValid=true, Min=(X=411.669 Y=-1449.987 Z=7911.280), Max=(X=554.169 Y=-615.954 Z=9215.534) RuntimeGrid:None EditorOnly:0 RuntimeOnly:0 HLODRelevant:1
 |   |   |- [+] [ 25]
 |   |   |   |- Guid:0EA8666B4BCB24A5BF513DB07EA1A569 BaseClass: NativeClass:/Script/Engine.ExponentialHeightFog Name:ExponentialHeightFog_UAID_6C02E0793D4C1AB701_1554344987 Label:ExponentialHeightFog2 SpatiallyLoaded:0 Bounds:IsValid=true, Min=(X=50.000 Y=1470.000 Z=9030.000), Max=(X=50.000 Y=1470.000 Z=9030.000) RuntimeGrid:None EditorOnly:0 RuntimeOnly:0 HLODRelevant:0
 |   |   |- [+] [ 26]
 |   |   |   |- Guid:88B2A75E44588BF48E1B848BDAE9D1F1 BaseClass: NativeClass:/Script/Niagara.NiagaraActor Name:NiagaraActor_UAID_6C02E0793D4C1CB701_1600009351 Label:NS_Stuff10 SpatiallyLoaded:1 Bounds:IsValid=true, Min=(X=-135.919 Y=732.484 Z=1421.428), Max=(X=1239.815 Y=3036.080 Z=2487.098) RuntimeGrid:None EditorOnly:0 RuntimeOnly:0 HLODRelevant:0
 |   |   |   |- Guid:22FD1CD149A8D4222984BFB4535A022C BaseClass: NativeClass:/Script/Niagara.NiagaraActor Name:NiagaraActor_UAID_6C02E0793D4C1CB701_1585037350 Label:NS_Stuff9 SpatiallyLoaded:1 Bounds:IsValid=true, Min=(X=-473.783 Y=1470.710 Z=4547.767), Max=(X=1430.433 Y=3949.403 Z=5583.615) RuntimeGrid:None EditorOnly:0 RuntimeOnly:0 HLODRelevant:0
 |   |   |   |- Guid:4F3382B740A661A02DCB6098CC4B201F BaseClass: NativeClass:/Script/Niagara.NiagaraActor Name:NiagaraActor_UAID_6C02E0793D4C1CB701_1475530349 Label:NS_Stuff8 SpatiallyLoaded:1 Bounds:IsValid=true, Min=(X=-474.081 Y=1502.004 Z=3402.967), Max=(X=1372.418 Y=4335.412 Z=4430.408) RuntimeGrid:None EditorOnly:0 RuntimeOnly:0 HLODRelevant:0
 |   |   |   |- Guid:AE8211CC484287B83F957491BFC5D2D5 BaseClass: NativeClass:/Script/Niagara.NiagaraActor Name:NiagaraActor_UAID_6C02E0793D4C1CB701_1386619348 Label:NS_Stuff7 SpatiallyLoaded:1 Bounds:IsValid=true, Min=(X=-77.254 Y=-2111.309 Z=444.729), Max=(X=1454.876 Y=3550.195 Z=1982.026) RuntimeGrid:None EditorOnly:0 RuntimeOnly:0 HLODRelevant:0
 |   |   |   |- Guid:9887DC0E40F40EC25440B8A45CB809B1 BaseClass: NativeClass:/Script/Niagara.NiagaraActor Name:NiagaraActor_UAID_6C02E0793D4C1CB701_1373429347 Label:NS_Stuff6 SpatiallyLoaded:1 Bounds:IsValid=true, Min=(X=-96.856 Y=1491.362 Z=3755.327), Max=(X=1750.638 Y=4150.255 Z=4593.874) RuntimeGrid:None EditorOnly:0 RuntimeOnly:0 HLODRelevant:0
 |   |   |   |- Guid:F7BBE41F4F2DD399A6DDDDBCEC221663 BaseClass: NativeClass:/Script/Niagara.NiagaraActor Name:NiagaraActor_UAID_6C02E0793D4C1CB701_1332992346 Label:NS_Stuff5 SpatiallyLoaded:1 Bounds:IsValid=true, Min=(X=60.852 Y=616.032 Z=2149.935), Max=(X=1714.823 Y=3311.279 Z=3976.886) RuntimeGrid:None EditorOnly:0 RuntimeOnly:0 HLODRelevant:0
 |   |   |   |- Guid:52D152AE4252583A1537669FF30DAC89 BaseClass: NativeClass:/Script/Niagara.NiagaraActor Name:NiagaraActor_UAID_6C02E0793D4C1CB701_1315477345 Label:NS_Stuff4 SpatiallyLoaded:1 Bounds:IsValid=true, Min=(X=-283.922 Y=923.953 Z=5212.623), Max=(X=1761.057 Y=3919.604 Z=6224.749) RuntimeGrid:None EditorOnly:0 RuntimeOnly:0 HLODRelevant:0
 |   |   |   |- Guid:8DC706D8426E029F6738D8B33541523C BaseClass: NativeClass:/Script/Niagara.NiagaraActor Name:NiagaraActor_UAID_6C02E0793D4C1CB701_1275920344 Label:NS_Stuff3 SpatiallyLoaded:1 Bounds:IsValid=true, Min=(X=-369.661 Y=688.811 Z=6132.529), Max=(X=1603.127 Y=3597.915 Z=8165.052) RuntimeGrid:None EditorOnly:0 RuntimeOnly:0 HLODRelevant:0
 |   |   |   |- Guid:76FF490641460F116E210C9CE3ED4ACD BaseClass: NativeClass:/Script/Niagara.NiagaraActor Name:NiagaraActor_UAID_6C02E0793D4C1CB701_1207975343 Label:NS_Stuff2 SpatiallyLoaded:1 Bounds:IsValid=true, Min=(X=-1326.612 Y=-2001.867 Z=7851.313), Max=(X=1839.405 Y=3251.935 Z=8489.287) RuntimeGrid:None EditorOnly:0 RuntimeOnly:0 HLODRelevant:0
 |   |   |   |- Guid:03AFEF6A46682E76782EA2BC819423D8 BaseClass: NativeClass:/Script/Niagara.NiagaraActor Name:NiagaraActor_UAID_6C02E0793D4C1AB701_1087635986 Label:NS_Stuff SpatiallyLoaded:1 Bounds:IsValid=true, Min=(X=-1347.852 Y=-2010.405 Z=8333.530), Max=(X=1751.383 Y=2068.571 Z=8966.471) RuntimeGrid:None EditorOnly:0 RuntimeOnly:0 HLODRelevant:0
 |- ContainerInstances:
 |- [+] MainContainer:
 |   |-        ID: 0x0000000000000000
 |   |-    Bounds: IsValid=false, Min=(X=0.000 Y=0.000 Z=0.000), Max=(X=0.000 Y=0.000 Z=0.000)
 |   |- Transform: 0.000000,0.000000,0.000000|0.000000,0.000000,-0.000000|1.000000,1.000000,1.000000
 |   |- Container: /Game/TopDown/Maps/TopDownMap
----------------------------------------------------------------------------------------------------------------
TopDownMap - Persistent Level
----------------------------------------------------------------------------------------------------------------
Always loaded Actor Count: 46 

----------------------------------------------------------------------------------------------------------------
TopDownMap - Runtime Spatial Hash - Streaming Grid - MainGrid
----------------------------------------------------------------------------------------------------------------
            Origin: X=0.000 Y=0.000 Z=0.000
         Cell Size: 12800
      World Bounds: IsValid=false, Min=(X=0.000 Y=0.000 Z=0.000), Max=(X=0.000 Y=0.000 Z=0.000)
     Loading Range: 25600.00
Block Slow Loading: No
 ClientOnlyVisible: No

[+] Grid Levels: 1
 |- Level  0: Cell Count    0 | Cell Size   12800 | Actor Count    0 (0.0%)

[+] Content of Grid Level 0

