[+] Containers:
 |- [+] Container: /Game/TopDown/Maps/TopDownMap
 |   |- [+] ActorDescs:
 |   |   |- Guid:035E0E084C49C14E4168A99B75C2B556 BaseClass: NativeClass:/Script/Engine.StaticMeshActor Name:StaticMeshActor_UAID_6C02E0793D4C1EB701_1477727705 Label:Cylinder_Cut2 SpatiallyLoaded:1 Bounds:IsValid=true, Min=(X=154.835 Y=-958.580 Z=7109.983), Max=(X=620.102 Y=421.912 Z=9237.976) RuntimeGrid:None EditorOnly:0 RuntimeOnly:0 HLODRelevant:1 FolderPath:Godrays FolderGuid:6101C5504718D8CA84689D8E1F1973F8
 |   |   |- Guid:03AFEF6A46682E76782EA2BC819423D8 BaseClass: NativeClass:/Script/Niagara.NiagaraActor Name:NiagaraActor_UAID_6C02E0793D4C1AB701_1087635986 Label:NS_Stuff SpatiallyLoaded:1 Bounds:IsValid=true, Min=(X=-1352.133 Y=-2001.077 Z=8329.933), Max=(X=1929.547 Y=2235.592 Z=8947.491) RuntimeGrid:None EditorOnly:0 RuntimeOnly:0 HLODRelevant:0 FolderPath:FX FolderGuid:0A8E893C4E1A347112C306802F1A7D62
 |   |   |- Guid:041B08384B83AC69E668EC9167061B28 BaseClass: NativeClass:/Script/Niagara.NiagaraActor Name:NiagaraActor_UAID_6C02E0793D4C23B701_1760377578 Label:NS_Fish SpatiallyLoaded:1 Bounds:IsValid=true, Min=(X=-249.399 Y=-3089.889 Z=6416.486), Max=(X=2190.030 Y=1426.559 Z=10103.569) RuntimeGrid:None EditorOnly:0 RuntimeOnly:0 HLODRelevant:0
 |   |   |- Guid:0E48FE1B4D7B8931A4C948A0B20D21EC BaseClass: NativeClass:/Script/Engine.StaticMeshActor Name:StaticMeshActor_UAID_6C02E0793D4C22B701_1989648396 Label:Cylinder_Cut7 SpatiallyLoaded:1 Bounds:IsValid=true, Min=(X=242.720 Y=-607.739 Z=8586.319), Max=(X=535.848 Y=-203.497 Z=9189.351) RuntimeGrid:None EditorOnly:0 RuntimeOnly:0 HLODRelevant:1 FolderPath:Godrays FolderGuid:6101C5504718D8CA84689D8E1F1973F8
 |   |   |- Guid:0EA8666B4BCB24A5BF513DB07EA1A569 BaseClass: NativeClass:/Script/Engine.ExponentialHeightFog Name:ExponentialHeightFog_UAID_6C02E0793D4C1AB701_1554344987 Label:ExponentialHeightFog2 SpatiallyLoaded:0 Bounds:IsValid=true, Min=(X=50.000 Y=1470.000 Z=9030.000), Max=(X=50.000 Y=1470.000 Z=9030.000) RuntimeGrid:None EditorOnly:0 RuntimeOnly:0 HLODRelevant:0
 |   |   |- Guid:0F4324B34E091887A24AD9995AE727D1 BaseClass: NativeClass:/Script/Engine.StaticMeshActor Name:StaticMeshActor_23 Label:SM_Cube6 SpatiallyLoaded:1 Bounds:IsValid=true, Min=(X=1300.000 Y=-2500.000 Z=-800.000), Max=(X=1400.000 Y=5500.000 Z=9200.000) RuntimeGrid:None EditorOnly:0 RuntimeOnly:0 HLODRelevant:1 FolderPath:Playground FolderGuid:9FE5E8B349AF71F05F2688921F3F2AC5
 |   |   |- Guid:12A04D6649E4372B2295F88F3A4C2814 BaseClass: NativeClass:/Script/Niagara.NiagaraActor Name:NiagaraActor_UAID_6C02E0793D4C22B701_1555403391 Label:NS_Turtle SpatiallyLoaded:1 Bounds:IsValid=true, Min=(X=1139.000 Y=2349.000 Z=8569.000), Max=(X=1141.000 Y=2351.000 Z=8571.000) RuntimeGrid:None EditorOnly:0 RuntimeOnly:0 HLODRelevant:0 FolderPath:FX FolderGuid:0A8E893C4E1A347112C306802F1A7D62
 |   |   |- Guid:147C8D134B12D635012D5F8C57D2C96F BaseClass: NativeClass:/Script/Engine.PostProcessVolume Name:PostProcessVolume_1 Label:PostProcessVolume SpatiallyLoaded:0 Bounds:IsValid=true, Min=(X=0.000 Y=0.000 Z=400.000), Max=(X=200.000 Y=200.000 Z=600.000) RuntimeGrid:None EditorOnly:0 RuntimeOnly:0 HLODRelevant:0 FolderPath:Lighting FolderGuid:4C9334684BA61B42C769F799D2576455
 |   |   |- Guid:1742DF43475F097453197AA79C7473D9 BaseClass: NativeClass:/Script/Engine.SkyLight Name:SkyLight_1 Label:SkyLight SpatiallyLoaded:0 Bounds:IsValid=true, Min=(X=0.000 Y=0.000 Z=690.000), Max=(X=0.000 Y=0.000 Z=690.000) RuntimeGrid:None EditorOnly:0 RuntimeOnly:0 HLODRelevant:0 FolderPath:Lighting FolderGuid:4C9334684BA61B42C769F799D2576455
 |   |   |- Guid:1872B41F4EC9B16B2D4B2AAEB262F22A BaseClass: NativeClass:/Script/Engine.StaticMeshActor Name:StaticMeshActor_UAID_6C02E0793D4C19B701_1079103809 Label:Plane SpatiallyLoaded:1 Bounds:IsValid=true, Min=(X=1260.000 Y=-2412.500 Z=-880.000), Max=(X=1260.000 Y=5412.500 Z=9920.000) RuntimeGrid:None EditorOnly:0 RuntimeOnly:0 HLODRelevant:1
 |   |   |- Guid:1D38888D456059D416F4C4BFA13A32B8 BaseClass: NativeClass:/Script/Engine.StaticMeshActor Name:StaticMeshActor_UAID_6C02E0793D4C22B701_2010363399 Label:Cylinder_Cut10 SpatiallyLoaded:1 Bounds:IsValid=true, Min=(X=339.036 Y=636.042 Z=8257.913), Max=(X=666.944 Y=1237.535 Z=9193.091) RuntimeGrid:None EditorOnly:0 RuntimeOnly:0 HLODRelevant:1 FolderPath:Godrays FolderGuid:6101C5504718D8CA84689D8E1F1973F8
 |   |   |- Guid:1D4635394DB9E4001E8A6084ADFA34DA BaseClass:/Game/Characters/Poisson/BluePrint/BP_E_Poissongue.BP_E_Poissongue_C NativeClass:/Script/Engine.Character Name:BP_E_Poissongue_C_UAID_C85ACFC1DC7FC5B601_1338968025 Label:BP_E_Poissongue3 SpatiallyLoaded:1 Bounds:IsValid=true, Min=(X=966.000 Y=2184.361 Z=7643.761), Max=(X=1034.000 Y=2254.000 Z=7736.239) RuntimeGrid:None EditorOnly:0 RuntimeOnly:0 HLODRelevant:0
 |   |   |- Guid:1FEC8FAC495CEF0CE32492ADCBB96BAE BaseClass: NativeClass:/Script/AIModule.NavLinkProxy Name:NavLinkProxy_3 Label:NavLinkProxy3 SpatiallyLoaded:1 Bounds:IsValid=true, Min=(X=2240.000 Y=1030.000 Z=90.000), Max=(X=2240.000 Y=1030.000 Z=90.000) RuntimeGrid:None EditorOnly:0 RuntimeOnly:0 HLODRelevant:0 FolderPath:Navigation FolderGuid:AE45D61F453CC144CF8289862C276E89
 |   |   |- Guid:22FD1CD149A8D4222984BFB4535A022C BaseClass: NativeClass:/Script/Niagara.NiagaraActor Name:NiagaraActor_UAID_6C02E0793D4C1CB701_1585037350 Label:NS_Stuff9 SpatiallyLoaded:1 Bounds:IsValid=true, Min=(X=-236.726 Y=1346.525 Z=4508.167), Max=(X=1476.235 Y=4204.734 Z=5473.626) RuntimeGrid:None EditorOnly:0 RuntimeOnly:0 HLODRelevant:0 FolderPath:FX FolderGuid:0A8E893C4E1A347112C306802F1A7D62
 |   |   |- Guid:2DF0D95440BE0EDA81652F860DC7268E BaseClass: NativeClass:/Script/Engine.WorldDataLayers Name:WorldDataLayers Label:WorldDataLayers SpatiallyLoaded:0 Bounds:IsValid=true, Min=(X=0.000 Y=0.000 Z=0.000), Max=(X=0.000 Y=0.000 Z=0.000) RuntimeGrid:None EditorOnly:0 RuntimeOnly:0 HLODRelevant:0
 |   |   |- Guid:3A58AB624335AFBD4C4A70AFDA823DF0 BaseClass: NativeClass:/Script/Water.WaterBodyCustom Name:WaterBodyCustom_UAID_6C02E0793D4C17B701_1813054455 Label:WaterBodyCustom SpatiallyLoaded:1 Bounds:IsValid=true, Min=(X=-660.000 Y=-2436.000 Z=-624.000), Max=(X=1380.000 Y=5436.000 Z=9318.000) RuntimeGrid:None EditorOnly:0 RuntimeOnly:0 HLODRelevant:1
 |   |   |- Guid:4F3382B740A661A02DCB6098CC4B201F BaseClass: NativeClass:/Script/Niagara.NiagaraActor Name:NiagaraActor_UAID_6C02E0793D4C1CB701_1475530349 Label:NS_Stuff8 SpatiallyLoaded:1 Bounds:IsValid=true, Min=(X=-331.496 Y=1561.900 Z=3423.576), Max=(X=1488.971 Y=4438.739 Z=4396.425) RuntimeGrid:None EditorOnly:0 RuntimeOnly:0 HLODRelevant:0 FolderPath:FX FolderGuid:0A8E893C4E1A347112C306802F1A7D62
 |   |   |- Guid:52D152AE4252583A1537669FF30DAC89 BaseClass: NativeClass:/Script/Niagara.NiagaraActor Name:NiagaraActor_UAID_6C02E0793D4C1CB701_1315477345 Label:NS_Stuff4 SpatiallyLoaded:1 Bounds:IsValid=true, Min=(X=-82.291 Y=759.336 Z=5215.756), Max=(X=1825.320 Y=3785.499 Z=6264.970) RuntimeGrid:None EditorOnly:0 RuntimeOnly:0 HLODRelevant:0 FolderPath:FX FolderGuid:0A8E893C4E1A347112C306802F1A7D62
 |   |   |- Guid:587116DE448BB438D1BEC1844D760674 BaseClass: NativeClass:/Script/Engine.StaticMeshActor Name:StaticMeshActor_UAID_6C02E0793D4C22B701_1972001395 Label:Cylinder_Cut6 SpatiallyLoaded:1 Bounds:IsValid=true, Min=(X=271.090 Y=-687.739 Z=7871.848), Max=(X=635.848 Y=122.737 Z=9189.351) RuntimeGrid:None EditorOnly:0 RuntimeOnly:0 HLODRelevant:1 FolderPath:Godrays FolderGuid:6101C5504718D8CA84689D8E1F1973F8
 |   |   |- Guid:6252C7D64ACF162A73EE65B11FE214D1 BaseClass: NativeClass:/Script/Engine.SkyAtmosphere Name:SkyAtmosphere_1 Label:SkyAtmosphere SpatiallyLoaded:0 Bounds:IsValid=true, Min=(X=0.000 Y=0.000 Z=1020.000), Max=(X=0.000 Y=0.000 Z=1020.000) RuntimeGrid:None EditorOnly:0 RuntimeOnly:0 HLODRelevant:0 FolderPath:Lighting FolderGuid:4C9334684BA61B42C769F799D2576455
 |   |   |- Guid:655948694F774DAC0FFCD3B523AE1F33 BaseClass: NativeClass:/Script/Engine.StaticMeshActor Name:StaticMeshActor_UAID_C85ACFC1DC7F0AB701_1419668169 Label:SM_Cube9 SpatiallyLoaded:1 Bounds:IsValid=true, Min=(X=-600.000 Y=5400.000 Z=-800.000), Max=(X=1400.000 Y=5500.000 Z=9200.000) RuntimeGrid:None EditorOnly:0 RuntimeOnly:0 HLODRelevant:1 FolderPath:Playground FolderGuid:9FE5E8B349AF71F05F2688921F3F2AC5
 |   |   |- Guid:66BCBF874D2A22ADC6523B95EE812CA3 BaseClass: NativeClass:/Script/Engine.StaticMeshActor Name:StaticMeshActor_UAID_A4AE111137DC5CFB00_1660657071 Label:SM_SkySphere SpatiallyLoaded:0 Bounds:IsValid=true, Min=(X=-1638400.000 Y=-1638400.000 Z=-1638400.000), Max=(X=1638400.000 Y=1638400.000 Z=1638400.000) RuntimeGrid:None EditorOnly:0 RuntimeOnly:0 HLODRelevant:1 FolderPath:Lighting FolderGuid:4C9334684BA61B42C769F799D2576455
 |   |   |- Guid:6775CBFB4F6DF0C60ACD40B270B269A8 BaseClass: NativeClass:/Script/Engine.StaticMeshActor Name:StaticMeshActor_UAID_C85ACFC1DC7F0AB701_1174578167 Label:SM_Cube7 SpatiallyLoaded:1 Bounds:IsValid=true, Min=(X=-600.000 Y=-2500.000 Z=-800.000), Max=(X=1400.000 Y=5500.000 Z=-700.000) RuntimeGrid:None EditorOnly:0 RuntimeOnly:0 HLODRelevant:1 FolderPath:Playground FolderGuid:9FE5E8B349AF71F05F2688921F3F2AC5
 |   |   |- Guid:736898D74D6B146CA12243A89E100427 BaseClass:/Game/Characters/Poisson/BluePrint/BP_E_Poissongue.BP_E_Poissongue_C NativeClass:/Script/Engine.Character Name:BP_E_Poissongue_C_UAID_C85ACFC1DC7FC5B601_1338509024 Label:BP_E_Poissongue2 SpatiallyLoaded:1 Bounds:IsValid=true, Min=(X=966.000 Y=2794.361 Z=7663.761), Max=(X=1034.000 Y=2864.000 Z=7756.239) RuntimeGrid:None EditorOnly:0 RuntimeOnly:0 HLODRelevant:0
 |   |   |- Guid:76FF490641460F116E210C9CE3ED4ACD BaseClass: NativeClass:/Script/Niagara.NiagaraActor Name:NiagaraActor_UAID_6C02E0793D4C1CB701_1207975343 Label:NS_Stuff2 SpatiallyLoaded:1 Bounds:IsValid=true, Min=(X=-1301.884 Y=-1977.125 Z=7821.659), Max=(X=1922.940 Y=3165.269 Z=8431.092) RuntimeGrid:None EditorOnly:0 RuntimeOnly:0 HLODRelevant:0 FolderPath:FX FolderGuid:0A8E893C4E1A347112C306802F1A7D62
 |   |   |- Guid:77F893B3468595EE782136AD620D7EF4 BaseClass: NativeClass:/Script/Engine.VolumetricCloud Name:VolumetricCloud_0 Label:VolumetricCloud SpatiallyLoaded:0 Bounds:IsValid=true, Min=(X=0.000 Y=6280.000 Z=820.000), Max=(X=0.000 Y=6280.000 Z=820.000) RuntimeGrid:None EditorOnly:0 RuntimeOnly:0 HLODRelevant:0 FolderPath:Lighting FolderGuid:4C9334684BA61B42C769F799D2576455
 |   |   |- Guid:7998FA304D2BFB3DCE9B7099C3608687 BaseClass: NativeClass:/Script/Engine.StaticMeshActor Name:StaticMeshActor_UAID_6C02E0793D4C22B701_2018393400 Label:Cylinder_Cut11 SpatiallyLoaded:1 Bounds:IsValid=true, Min=(X=552.988 Y=526.042 Z=7998.106), Max=(X=906.944 Y=1275.256 Z=9193.091) RuntimeGrid:None EditorOnly:0 RuntimeOnly:0 HLODRelevant:1 FolderPath:Godrays FolderGuid:6101C5504718D8CA84689D8E1F1973F8
 |   |   |- Guid:7F221CF1454095FA166CBF920B95F28E BaseClass: NativeClass:/Script/Water.WaterZone Name:WaterZone_UAID_6C02E0793D4C17B701_1813111456 Label:WaterZone SpatiallyLoaded:0 Bounds:IsValid=true, Min=(X=-25600.000 Y=-25600.000 Z=-25600.000), Max=(X=25600.000 Y=25600.000 Z=25600.000) RuntimeGrid:None EditorOnly:0 RuntimeOnly:0 HLODRelevant:0
 |   |   |- Guid:88B2A75E44588BF48E1B848BDAE9D1F1 BaseClass: NativeClass:/Script/Niagara.NiagaraActor Name:NiagaraActor_UAID_6C02E0793D4C1CB701_1600009351 Label:NS_Stuff10 SpatiallyLoaded:1 Bounds:IsValid=true, Min=(X=212.431 Y=610.858 Z=1584.156), Max=(X=1873.052 Y=2549.285 Z=2424.252) RuntimeGrid:None EditorOnly:0 RuntimeOnly:0 HLODRelevant:0 FolderPath:FX FolderGuid:0A8E893C4E1A347112C306802F1A7D62
 |   |   |- Guid:8DC706D8426E029F6738D8B33541523C BaseClass: NativeClass:/Script/Niagara.NiagaraActor Name:NiagaraActor_UAID_6C02E0793D4C1CB701_1275920344 Label:NS_Stuff3 SpatiallyLoaded:1 Bounds:IsValid=true, Min=(X=-386.040 Y=523.193 Z=6111.407), Max=(X=1559.398 Y=3748.745 Z=8127.455) RuntimeGrid:None EditorOnly:0 RuntimeOnly:0 HLODRelevant:0 FolderPath:FX FolderGuid:0A8E893C4E1A347112C306802F1A7D62
 |   |   |- Guid:9887DC0E40F40EC25440B8A45CB809B1 BaseClass: NativeClass:/Script/Niagara.NiagaraActor Name:NiagaraActor_UAID_6C02E0793D4C1CB701_1373429347 Label:NS_Stuff6 SpatiallyLoaded:1 Bounds:IsValid=true, Min=(X=-206.924 Y=1724.787 Z=3730.018), Max=(X=1655.322 Y=4436.518 Z=4578.271) RuntimeGrid:None EditorOnly:0 RuntimeOnly:0 HLODRelevant:0 FolderPath:FX FolderGuid:0A8E893C4E1A347112C306802F1A7D62
 |   |   |- Guid:9A167E8A403883EA43BB319DFA60C899 BaseClass: NativeClass:/Script/Engine.StaticMeshActor Name:StaticMeshActor_UAID_6C02E0793D4C1DB701_1281997528 Label:Cylinder_Cut SpatiallyLoaded:1 Bounds:IsValid=true, Min=(X=411.669 Y=-1449.987 Z=7911.280), Max=(X=554.169 Y=-615.954 Z=9215.534) RuntimeGrid:None EditorOnly:0 RuntimeOnly:0 HLODRelevant:1 FolderPath:Godrays FolderGuid:6101C5504718D8CA84689D8E1F1973F8
 |   |   |- Guid:AAD29F3843F0097FB4DC90A75120D32B BaseClass:/Game/Characters/Poisson/BluePrint/BP_E_Poissongue.BP_E_Poissongue_C NativeClass:/Script/Engine.Character Name:BP_E_Poissongue_C_UAID_C85ACFC1DC7FC4B601_1664435847 Label:BP_E_Poissongue SpatiallyLoaded:1 Bounds:IsValid=true, Min=(X=966.000 Y=2454.361 Z=7623.761), Max=(X=1034.000 Y=2524.000 Z=7716.239) RuntimeGrid:None EditorOnly:0 RuntimeOnly:0 HLODRelevant:0
 |   |   |- Guid:ABAEE95548592943A576BB8428FB2747 BaseClass: NativeClass:/Script/Engine.StaticMeshActor Name:StaticMeshActor_UAID_6C02E0793D4C22B701_1991204397 Label:Cylinder_Cut8 SpatiallyLoaded:1 Bounds:IsValid=true, Min=(X=470.161 Y=-1037.739 Z=8261.559), Max=(X=795.848 Y=-448.845 Z=9189.351) RuntimeGrid:None EditorOnly:0 RuntimeOnly:0 HLODRelevant:1 FolderPath:Godrays FolderGuid:6101C5504718D8CA84689D8E1F1973F8
 |   |   |- Guid:AD68EAA24473F385F7FC7C9DF886ABC0 BaseClass:/Game/TopDown/Blueprints/ennemies/BP_E_Requingue.BP_E_Requingue_C NativeClass:/Script/Engine.Character Name:BP_E_Requingue_C_UAID_C85ACFC1DC7FDCB601_1271466071 Label:BP_E_Requingue SpatiallyLoaded:1 Bounds:IsValid=true, Min=(X=890.000 Y=2207.500 Z=8002.000), Max=(X=1072.500 Y=2332.500 Z=8178.000) RuntimeGrid:None EditorOnly:0 RuntimeOnly:0 HLODRelevant:0
 |   |   |- Guid:AE8211CC484287B83F957491BFC5D2D5 BaseClass: NativeClass:/Script/Niagara.NiagaraActor Name:NiagaraActor_UAID_6C02E0793D4C1CB701_1386619348 Label:NS_Stuff7 SpatiallyLoaded:1 Bounds:IsValid=true, Min=(X=20.485 Y=-760.058 Z=229.702), Max=(X=1352.452 Y=2948.382 Z=2089.798) RuntimeGrid:None EditorOnly:0 RuntimeOnly:0 HLODRelevant:0 FolderPath:FX FolderGuid:0A8E893C4E1A347112C306802F1A7D62
 |   |   |- Guid:AECEEEE741E6DE68F6843FA49564A956 BaseClass: NativeClass:/Script/Engine.DirectionalLight Name:DirectionalLight_1 Label:DirectionalLight SpatiallyLoaded:0 Bounds:IsValid=true, Min=(X=-4398046511104.000 Y=-4398046511104.000 Z=-4398046511104.000), Max=(X=4398046511104.000 Y=4398046511104.000 Z=4398046511104.000) RuntimeGrid:None EditorOnly:0 RuntimeOnly:0 HLODRelevant:0 FolderPath:Lighting FolderGuid:4C9334684BA61B42C769F799D2576455
 |   |   |- Guid:B5EDEE4B4090ED34E196FCA0C356E9F5 BaseClass: NativeClass:/Script/Engine.StaticMeshActor Name:StaticMeshActor_UAID_6C02E0793D4C22B701_2005584398 Label:Cylinder_Cut9 SpatiallyLoaded:1 Bounds:IsValid=true, Min=(X=602.720 Y=42.261 Z=8586.319), Max=(X=895.848 Y=446.503 Z=9189.351) RuntimeGrid:None EditorOnly:0 RuntimeOnly:0 HLODRelevant:1 FolderPath:Godrays FolderGuid:6101C5504718D8CA84689D8E1F1973F8
 |   |   |- Guid:BA08E5F641AC3667FEC73EA3A0DA2603 BaseClass: NativeClass:/Script/Niagara.NiagaraActor Name:NiagaraActor_UAID_6C02E0793D4C25B701_1389879931 Label:NS_Whale SpatiallyLoaded:1 Bounds:IsValid=true, Min=(X=374.057 Y=502.003 Z=5631.807), Max=(X=1912.948 Y=6514.072 Z=7495.158) RuntimeGrid:None EditorOnly:0 RuntimeOnly:0 HLODRelevant:0
 |   |   |- Guid:BCAEE852423006CDD9B8CEBB856062B3 BaseClass:/Game/TopDown/Blueprints/ennemies/BP_Bernard.BP_Bernard_C NativeClass:/Script/Engine.Character Name:BP_Bernard_C_UAID_C85ACFC1DC7F14B701_1750325927 Label:BP_Bernard SpatiallyLoaded:1 Bounds:IsValid=true, Min=(X=900.000 Y=1940.000 Z=7034.000), Max=(X=1100.000 Y=2140.000 Z=7386.000) RuntimeGrid:None EditorOnly:0 RuntimeOnly:0 HLODRelevant:0
 |   |   |- Guid:C38FEC6C4B72FD2FD8DB41B6E885444E BaseClass: NativeClass:/Script/Engine.StaticMeshActor Name:StaticMeshActor_UAID_6C02E0793D4C22B701_1969471394 Label:Cylinder_Cut5 SpatiallyLoaded:1 Bounds:IsValid=true, Min=(X=524.835 Y=-1908.580 Z=7109.983), Max=(X=990.102 Y=-528.088 Z=9237.976) RuntimeGrid:None EditorOnly:0 RuntimeOnly:0 HLODRelevant:1 FolderPath:Godrays FolderGuid:6101C5504718D8CA84689D8E1F1973F8
 |   |   |- Guid:C596306946D092A6055FC49602E6697D BaseClass: NativeClass:/Script/Engine.StaticMeshActor Name:StaticMeshActor_UAID_C85ACFC1DC7F0AB701_1408368168 Label:SM_Cube8 SpatiallyLoaded:1 Bounds:IsValid=true, Min=(X=-600.000 Y=-2500.000 Z=-800.000), Max=(X=1400.000 Y=-2400.000 Z=9200.000) RuntimeGrid:None EditorOnly:0 RuntimeOnly:0 HLODRelevant:1 FolderPath:Playground FolderGuid:9FE5E8B349AF71F05F2688921F3F2AC5
 |   |   |- Guid:CCDD89584E0A9025F52AEDA51D60CA54 BaseClass: NativeClass:/Script/NavigationSystem.NavMeshBoundsVolume Name:NavMeshBoundsVolume_1 Label:NavMeshBoundsVolume SpatiallyLoaded:0 Bounds:IsValid=true, Min=(X=-100.000 Y=-100.000 Z=-1146.875), Max=(X=3100.000 Y=3600.000 Z=1426.875) RuntimeGrid:None EditorOnly:0 RuntimeOnly:0 HLODRelevant:0 FolderPath:Navigation FolderGuid:AE45D61F453CC144CF8289862C276E89
 |   |   |- Guid:D24D61B944EF71BE7BC469B7EB239299 BaseClass: NativeClass:/Script/Engine.ExponentialHeightFog Name:ExponentialHeightFog_1 Label:ExponentialHeightFog SpatiallyLoaded:0 Bounds:IsValid=true, Min=(X=-5600.000 Y=-50.000 Z=-6850.000), Max=(X=-5600.000 Y=-50.000 Z=-6850.000) RuntimeGrid:None EditorOnly:0 RuntimeOnly:0 HLODRelevant:0 FolderPath:Lighting FolderGuid:4C9334684BA61B42C769F799D2576455
 |   |   |- Guid:D3959DBE4740022BD9A64BBBA1DE1562 BaseClass: NativeClass:/Script/Engine.StaticMeshActor Name:StaticMeshActor_UAID_6C02E0793D4C22B701_1962716393 Label:Cylinder_Cut4 SpatiallyLoaded:1 Bounds:IsValid=true, Min=(X=114.835 Y=1011.420 Z=7109.983), Max=(X=580.102 Y=2391.912 Z=9237.976) RuntimeGrid:None EditorOnly:0 RuntimeOnly:0 HLODRelevant:1 FolderPath:Godrays FolderGuid:6101C5504718D8CA84689D8E1F1973F8
 |   |   |- Guid:EA22902841192556EFBA16B399441179 BaseClass: NativeClass:/Script/Engine.StaticMeshActor Name:StaticMeshActor_UAID_6C02E0793D4C22B701_1939251392 Label:Cylinder_Cut3 SpatiallyLoaded:1 Bounds:IsValid=true, Min=(X=86.593 Y=141.295 Z=6088.311), Max=(X=671.030 Y=2238.221 Z=9286.601) RuntimeGrid:None EditorOnly:0 RuntimeOnly:0 HLODRelevant:1 FolderPath:Godrays FolderGuid:6101C5504718D8CA84689D8E1F1973F8
 |   |   |- Guid:F33CC5014C49925B3A9D52A063AF483F BaseClass: NativeClass:/Script/Engine.PlayerStart Name:PlayerStart_0 Label:PlayerStart SpatiallyLoaded:0 Bounds:IsValid=true, Min=(X=960.000 Y=1770.000 Z=7600.013), Max=(X=1040.000 Y=1850.000 Z=7784.013) RuntimeGrid:None EditorOnly:0 RuntimeOnly:0 HLODRelevant:0
 |   |   |- Guid:F7BBE41F4F2DD399A6DDDDBCEC221663 BaseClass: NativeClass:/Script/Niagara.NiagaraActor Name:NiagaraActor_UAID_6C02E0793D4C1CB701_1332992346 Label:NS_Stuff5 SpatiallyLoaded:1 Bounds:IsValid=true, Min=(X=-44.784 Y=936.672 Z=2310.625), Max=(X=1652.585 Y=3365.929 Z=4038.452) RuntimeGrid:None EditorOnly:0 RuntimeOnly:0 HLODRelevant:0 FolderPath:FX FolderGuid:0A8E893C4E1A347112C306802F1A7D62
 |   |   |- Guid:F892D14D47DBF1CFEA044A8890D17001 BaseClass: NativeClass:/Script/Engine.StaticMeshActor Name:StaticMeshActor_UAID_6C02E0793D4C22B701_2025208401 Label:Cylinder_Cut12 SpatiallyLoaded:1 Bounds:IsValid=true, Min=(X=602.988 Y=-183.958 Z=7998.106), Max=(X=956.944 Y=565.256 Z=9193.091) RuntimeGrid:None EditorOnly:0 RuntimeOnly:0 HLODRelevant:1 FolderPath:Godrays FolderGuid:6101C5504718D8CA84689D8E1F1973F8
 |   |   |- Guid:F8C301CD4E3CA5FAFF6973BCA91610CE BaseClass:/Game/TopDown/Blueprints/ennemies/BP_E_Manchot.BP_E_Manchot_C NativeClass:/Script/Engine.Character Name:BP_E_Manchot_C_UAID_C85ACFC1DC7FC9B601_1205517727 Label:BP_E_Manchot SpatiallyLoaded:1 Bounds:IsValid=true, Min=(X=966.000 Y=1236.000 Z=8002.000), Max=(X=1034.000 Y=1304.000 Z=8178.000) RuntimeGrid:None EditorOnly:0 RuntimeOnly:0 HLODRelevant:0
 |   |- [+] Clusters:
 |   |   |- [+] [  0]
 |   |   |   |- Guid:0F4324B34E091887A24AD9995AE727D1 BaseClass: NativeClass:/Script/Engine.StaticMeshActor Name:StaticMeshActor_23 Label:SM_Cube6 SpatiallyLoaded:1 Bounds:IsValid=true, Min=(X=1300.000 Y=-2500.000 Z=-800.000), Max=(X=1400.000 Y=5500.000 Z=9200.000) RuntimeGrid:None EditorOnly:0 RuntimeOnly:0 HLODRelevant:1 FolderPath:Playground FolderGuid:9FE5E8B349AF71F05F2688921F3F2AC5
 |   |   |- [+] [  1]
 |   |   |   |- Guid:CCDD89584E0A9025F52AEDA51D60CA54 BaseClass: NativeClass:/Script/NavigationSystem.NavMeshBoundsVolume Name:NavMeshBoundsVolume_1 Label:NavMeshBoundsVolume SpatiallyLoaded:0 Bounds:IsValid=true, Min=(X=-100.000 Y=-100.000 Z=-1146.875), Max=(X=3100.000 Y=3600.000 Z=1426.875) RuntimeGrid:None EditorOnly:0 RuntimeOnly:0 HLODRelevant:0 FolderPath:Navigation FolderGuid:AE45D61F453CC144CF8289862C276E89
 |   |   |- [+] [  2]
 |   |   |   |- Guid:655948694F774DAC0FFCD3B523AE1F33 BaseClass: NativeClass:/Script/Engine.StaticMeshActor Name:StaticMeshActor_UAID_C85ACFC1DC7F0AB701_1419668169 Label:SM_Cube9 SpatiallyLoaded:1 Bounds:IsValid=true, Min=(X=-600.000 Y=5400.000 Z=-800.000), Max=(X=1400.000 Y=5500.000 Z=9200.000) RuntimeGrid:None EditorOnly:0 RuntimeOnly:0 HLODRelevant:1 FolderPath:Playground FolderGuid:9FE5E8B349AF71F05F2688921F3F2AC5
 |   |   |- [+] [  3]
 |   |   |   |- Guid:1FEC8FAC495CEF0CE32492ADCBB96BAE BaseClass: NativeClass:/Script/AIModule.NavLinkProxy Name:NavLinkProxy_3 Label:NavLinkProxy3 SpatiallyLoaded:1 Bounds:IsValid=true, Min=(X=2240.000 Y=1030.000 Z=90.000), Max=(X=2240.000 Y=1030.000 Z=90.000) RuntimeGrid:None EditorOnly:0 RuntimeOnly:0 HLODRelevant:0 FolderPath:Navigation FolderGuid:AE45D61F453CC144CF8289862C276E89
 |   |   |- [+] [  4]
 |   |   |   |- Guid:AD68EAA24473F385F7FC7C9DF886ABC0 BaseClass:/Game/TopDown/Blueprints/ennemies/BP_E_Requingue.BP_E_Requingue_C NativeClass:/Script/Engine.Character Name:BP_E_Requingue_C_UAID_C85ACFC1DC7FDCB601_1271466071 Label:BP_E_Requingue SpatiallyLoaded:1 Bounds:IsValid=true, Min=(X=890.000 Y=2207.500 Z=8002.000), Max=(X=1072.500 Y=2332.500 Z=8178.000) RuntimeGrid:None EditorOnly:0 RuntimeOnly:0 HLODRelevant:0
 |   |   |- [+] [  5]
 |   |   |   |- Guid:3A58AB624335AFBD4C4A70AFDA823DF0 BaseClass: NativeClass:/Script/Water.WaterBodyCustom Name:WaterBodyCustom_UAID_6C02E0793D4C17B701_1813054455 Label:WaterBodyCustom SpatiallyLoaded:1 Bounds:IsValid=true, Min=(X=-660.000 Y=-2436.000 Z=-624.000), Max=(X=1380.000 Y=5436.000 Z=9318.000) RuntimeGrid:None EditorOnly:0 RuntimeOnly:0 HLODRelevant:1
 |   |   |- [+] [  6]
 |   |   |   |- Guid:6775CBFB4F6DF0C60ACD40B270B269A8 BaseClass: NativeClass:/Script/Engine.StaticMeshActor Name:StaticMeshActor_UAID_C85ACFC1DC7F0AB701_1174578167 Label:SM_Cube7 SpatiallyLoaded:1 Bounds:IsValid=true, Min=(X=-600.000 Y=-2500.000 Z=-800.000), Max=(X=1400.000 Y=5500.000 Z=-700.000) RuntimeGrid:None EditorOnly:0 RuntimeOnly:0 HLODRelevant:1 FolderPath:Playground FolderGuid:9FE5E8B349AF71F05F2688921F3F2AC5
 |   |   |- [+] [  7]
 |   |   |   |- Guid:6252C7D64ACF162A73EE65B11FE214D1 BaseClass: NativeClass:/Script/Engine.SkyAtmosphere Name:SkyAtmosphere_1 Label:SkyAtmosphere SpatiallyLoaded:0 Bounds:IsValid=true, Min=(X=0.000 Y=0.000 Z=1020.000), Max=(X=0.000 Y=0.000 Z=1020.000) RuntimeGrid:None EditorOnly:0 RuntimeOnly:0 HLODRelevant:0 FolderPath:Lighting FolderGuid:4C9334684BA61B42C769F799D2576455
 |   |   |- [+] [  8]
 |   |   |   |- Guid:D24D61B944EF71BE7BC469B7EB239299 BaseClass: NativeClass:/Script/Engine.ExponentialHeightFog Name:ExponentialHeightFog_1 Label:ExponentialHeightFog SpatiallyLoaded:0 Bounds:IsValid=true, Min=(X=-5600.000 Y=-50.000 Z=-6850.000), Max=(X=-5600.000 Y=-50.000 Z=-6850.000) RuntimeGrid:None EditorOnly:0 RuntimeOnly:0 HLODRelevant:0 FolderPath:Lighting FolderGuid:4C9334684BA61B42C769F799D2576455
 |   |   |- [+] [  9]
 |   |   |   |- Guid:77F893B3468595EE782136AD620D7EF4 BaseClass: NativeClass:/Script/Engine.VolumetricCloud Name:VolumetricCloud_0 Label:VolumetricCloud SpatiallyLoaded:0 Bounds:IsValid=true, Min=(X=0.000 Y=6280.000 Z=820.000), Max=(X=0.000 Y=6280.000 Z=820.000) RuntimeGrid:None EditorOnly:0 RuntimeOnly:0 HLODRelevant:0 FolderPath:Lighting FolderGuid:4C9334684BA61B42C769F799D2576455
 |   |   |- [+] [ 10]
 |   |   |   |- Guid:F33CC5014C49925B3A9D52A063AF483F BaseClass: NativeClass:/Script/Engine.PlayerStart Name:PlayerStart_0 Label:PlayerStart SpatiallyLoaded:0 Bounds:IsValid=true, Min=(X=960.000 Y=1770.000 Z=7600.013), Max=(X=1040.000 Y=1850.000 Z=7784.013) RuntimeGrid:None EditorOnly:0 RuntimeOnly:0 HLODRelevant:0
 |   |   |- [+] [ 11]
 |   |   |   |- Guid:147C8D134B12D635012D5F8C57D2C96F BaseClass: NativeClass:/Script/Engine.PostProcessVolume Name:PostProcessVolume_1 Label:PostProcessVolume SpatiallyLoaded:0 Bounds:IsValid=true, Min=(X=0.000 Y=0.000 Z=400.000), Max=(X=200.000 Y=200.000 Z=600.000) RuntimeGrid:None EditorOnly:0 RuntimeOnly:0 HLODRelevant:0 FolderPath:Lighting FolderGuid:4C9334684BA61B42C769F799D2576455
 |   |   |- [+] [ 12]
 |   |   |   |- Guid:0EA8666B4BCB24A5BF513DB07EA1A569 BaseClass: NativeClass:/Script/Engine.ExponentialHeightFog Name:ExponentialHeightFog_UAID_6C02E0793D4C1AB701_1554344987 Label:ExponentialHeightFog2 SpatiallyLoaded:0 Bounds:IsValid=true, Min=(X=50.000 Y=1470.000 Z=9030.000), Max=(X=50.000 Y=1470.000 Z=9030.000) RuntimeGrid:None EditorOnly:0 RuntimeOnly:0 HLODRelevant:0
 |   |   |- [+] [ 13]
 |   |   |   |- Guid:035E0E084C49C14E4168A99B75C2B556 BaseClass: NativeClass:/Script/Engine.StaticMeshActor Name:StaticMeshActor_UAID_6C02E0793D4C1EB701_1477727705 Label:Cylinder_Cut2 SpatiallyLoaded:1 Bounds:IsValid=true, Min=(X=154.835 Y=-958.580 Z=7109.983), Max=(X=620.102 Y=421.912 Z=9237.976) RuntimeGrid:None EditorOnly:0 RuntimeOnly:0 HLODRelevant:1 FolderPath:Godrays FolderGuid:6101C5504718D8CA84689D8E1F1973F8
 |   |   |- [+] [ 14]
 |   |   |   |- Guid:AECEEEE741E6DE68F6843FA49564A956 BaseClass: NativeClass:/Script/Engine.DirectionalLight Name:DirectionalLight_1 Label:DirectionalLight SpatiallyLoaded:0 Bounds:IsValid=true, Min=(X=-4398046511104.000 Y=-4398046511104.000 Z=-4398046511104.000), Max=(X=4398046511104.000 Y=4398046511104.000 Z=4398046511104.000) RuntimeGrid:None EditorOnly:0 RuntimeOnly:0 HLODRelevant:0 FolderPath:Lighting FolderGuid:4C9334684BA61B42C769F799D2576455
 |   |   |- [+] [ 15]
 |   |   |   |- Guid:2DF0D95440BE0EDA81652F860DC7268E BaseClass: NativeClass:/Script/Engine.WorldDataLayers Name:WorldDataLayers Label:WorldDataLayers SpatiallyLoaded:0 Bounds:IsValid=true, Min=(X=0.000 Y=0.000 Z=0.000), Max=(X=0.000 Y=0.000 Z=0.000) RuntimeGrid:None EditorOnly:0 RuntimeOnly:0 HLODRelevant:0
 |   |   |- [+] [ 16]
 |   |   |   |- Guid:9A167E8A403883EA43BB319DFA60C899 BaseClass: NativeClass:/Script/Engine.StaticMeshActor Name:StaticMeshActor_UAID_6C02E0793D4C1DB701_1281997528 Label:Cylinder_Cut SpatiallyLoaded:1 Bounds:IsValid=true, Min=(X=411.669 Y=-1449.987 Z=7911.280), Max=(X=554.169 Y=-615.954 Z=9215.534) RuntimeGrid:None EditorOnly:0 RuntimeOnly:0 HLODRelevant:1 FolderPath:Godrays FolderGuid:6101C5504718D8CA84689D8E1F1973F8
 |   |   |- [+] [ 17]
 |   |   |   |- Guid:736898D74D6B146CA12243A89E100427 BaseClass:/Game/Characters/Poisson/BluePrint/BP_E_Poissongue.BP_E_Poissongue_C NativeClass:/Script/Engine.Character Name:BP_E_Poissongue_C_UAID_C85ACFC1DC7FC5B601_1338509024 Label:BP_E_Poissongue2 SpatiallyLoaded:1 Bounds:IsValid=true, Min=(X=966.000 Y=2794.361 Z=7663.761), Max=(X=1034.000 Y=2864.000 Z=7756.239) RuntimeGrid:None EditorOnly:0 RuntimeOnly:0 HLODRelevant:0
 |   |   |- [+] [ 18]
 |   |   |   |- Guid:1872B41F4EC9B16B2D4B2AAEB262F22A BaseClass: NativeClass:/Script/Engine.StaticMeshActor Name:StaticMeshActor_UAID_6C02E0793D4C19B701_1079103809 Label:Plane SpatiallyLoaded:1 Bounds:IsValid=true, Min=(X=1260.000 Y=-2412.500 Z=-880.000), Max=(X=1260.000 Y=5412.500 Z=9920.000) RuntimeGrid:None EditorOnly:0 RuntimeOnly:0 HLODRelevant:1
 |   |   |- [+] [ 19]
 |   |   |   |- Guid:66BCBF874D2A22ADC6523B95EE812CA3 BaseClass: NativeClass:/Script/Engine.StaticMeshActor Name:StaticMeshActor_UAID_A4AE111137DC5CFB00_1660657071 Label:SM_SkySphere SpatiallyLoaded:0 Bounds:IsValid=true, Min=(X=-1638400.000 Y=-1638400.000 Z=-1638400.000), Max=(X=1638400.000 Y=1638400.000 Z=1638400.000) RuntimeGrid:None EditorOnly:0 RuntimeOnly:0 HLODRelevant:1 FolderPath:Lighting FolderGuid:4C9334684BA61B42C769F799D2576455
 |   |   |- [+] [ 20]
 |   |   |   |- Guid:BCAEE852423006CDD9B8CEBB856062B3 BaseClass:/Game/TopDown/Blueprints/ennemies/BP_Bernard.BP_Bernard_C NativeClass:/Script/Engine.Character Name:BP_Bernard_C_UAID_C85ACFC1DC7F14B701_1750325927 Label:BP_Bernard SpatiallyLoaded:1 Bounds:IsValid=true, Min=(X=900.000 Y=1940.000 Z=7034.000), Max=(X=1100.000 Y=2140.000 Z=7386.000) RuntimeGrid:None EditorOnly:0 RuntimeOnly:0 HLODRelevant:0
 |   |   |- [+] [ 21]
 |   |   |   |- Guid:AAD29F3843F0097FB4DC90A75120D32B BaseClass:/Game/Characters/Poisson/BluePrint/BP_E_Poissongue.BP_E_Poissongue_C NativeClass:/Script/Engine.Character Name:BP_E_Poissongue_C_UAID_C85ACFC1DC7FC4B601_1664435847 Label:BP_E_Poissongue SpatiallyLoaded:1 Bounds:IsValid=true, Min=(X=966.000 Y=2454.361 Z=7623.761), Max=(X=1034.000 Y=2524.000 Z=7716.239) RuntimeGrid:None EditorOnly:0 RuntimeOnly:0 HLODRelevant:0
 |   |   |- [+] [ 22]
 |   |   |   |- Guid:88B2A75E44588BF48E1B848BDAE9D1F1 BaseClass: NativeClass:/Script/Niagara.NiagaraActor Name:NiagaraActor_UAID_6C02E0793D4C1CB701_1600009351 Label:NS_Stuff10 SpatiallyLoaded:1 Bounds:IsValid=true, Min=(X=212.431 Y=610.858 Z=1584.156), Max=(X=1873.052 Y=2549.285 Z=2424.252) RuntimeGrid:None EditorOnly:0 RuntimeOnly:0 HLODRelevant:0 FolderPath:FX FolderGuid:0A8E893C4E1A347112C306802F1A7D62
 |   |   |   |- Guid:22FD1CD149A8D4222984BFB4535A022C BaseClass: NativeClass:/Script/Niagara.NiagaraActor Name:NiagaraActor_UAID_6C02E0793D4C1CB701_1585037350 Label:NS_Stuff9 SpatiallyLoaded:1 Bounds:IsValid=true, Min=(X=-236.726 Y=1346.525 Z=4508.167), Max=(X=1476.235 Y=4204.734 Z=5473.626) RuntimeGrid:None EditorOnly:0 RuntimeOnly:0 HLODRelevant:0 FolderPath:FX FolderGuid:0A8E893C4E1A347112C306802F1A7D62
 |   |   |   |- Guid:AE8211CC484287B83F957491BFC5D2D5 BaseClass: NativeClass:/Script/Niagara.NiagaraActor Name:NiagaraActor_UAID_6C02E0793D4C1CB701_1386619348 Label:NS_Stuff7 SpatiallyLoaded:1 Bounds:IsValid=true, Min=(X=20.485 Y=-760.058 Z=229.702), Max=(X=1352.452 Y=2948.382 Z=2089.798) RuntimeGrid:None EditorOnly:0 RuntimeOnly:0 HLODRelevant:0 FolderPath:FX FolderGuid:0A8E893C4E1A347112C306802F1A7D62
 |   |   |   |- Guid:4F3382B740A661A02DCB6098CC4B201F BaseClass: NativeClass:/Script/Niagara.NiagaraActor Name:NiagaraActor_UAID_6C02E0793D4C1CB701_1475530349 Label:NS_Stuff8 SpatiallyLoaded:1 Bounds:IsValid=true, Min=(X=-331.496 Y=1561.900 Z=3423.576), Max=(X=1488.971 Y=4438.739 Z=4396.425) RuntimeGrid:None EditorOnly:0 RuntimeOnly:0 HLODRelevant:0 FolderPath:FX FolderGuid:0A8E893C4E1A347112C306802F1A7D62
 |   |   |   |- Guid:9887DC0E40F40EC25440B8A45CB809B1 BaseClass: NativeClass:/Script/Niagara.NiagaraActor Name:NiagaraActor_UAID_6C02E0793D4C1CB701_1373429347 Label:NS_Stuff6 SpatiallyLoaded:1 Bounds:IsValid=true, Min=(X=-206.924 Y=1724.787 Z=3730.018), Max=(X=1655.322 Y=4436.518 Z=4578.271) RuntimeGrid:None EditorOnly:0 RuntimeOnly:0 HLODRelevant:0 FolderPath:FX FolderGuid:0A8E893C4E1A347112C306802F1A7D62
 |   |   |   |- Guid:F7BBE41F4F2DD399A6DDDDBCEC221663 BaseClass: NativeClass:/Script/Niagara.NiagaraActor Name:NiagaraActor_UAID_6C02E0793D4C1CB701_1332992346 Label:NS_Stuff5 SpatiallyLoaded:1 Bounds:IsValid=true, Min=(X=-44.784 Y=936.672 Z=2310.625), Max=(X=1652.585 Y=3365.929 Z=4038.452) RuntimeGrid:None EditorOnly:0 RuntimeOnly:0 HLODRelevant:0 FolderPath:FX FolderGuid:0A8E893C4E1A347112C306802F1A7D62
 |   |   |   |- Guid:03AFEF6A46682E76782EA2BC819423D8 BaseClass: NativeClass:/Script/Niagara.NiagaraActor Name:NiagaraActor_UAID_6C02E0793D4C1AB701_1087635986 Label:NS_Stuff SpatiallyLoaded:1 Bounds:IsValid=true, Min=(X=-1352.133 Y=-2001.077 Z=8329.933), Max=(X=1929.547 Y=2235.592 Z=8947.491) RuntimeGrid:None EditorOnly:0 RuntimeOnly:0 HLODRelevant:0 FolderPath:FX FolderGuid:0A8E893C4E1A347112C306802F1A7D62
 |   |   |   |- Guid:76FF490641460F116E210C9CE3ED4ACD BaseClass: NativeClass:/Script/Niagara.NiagaraActor Name:NiagaraActor_UAID_6C02E0793D4C1CB701_1207975343 Label:NS_Stuff2 SpatiallyLoaded:1 Bounds:IsValid=true, Min=(X=-1301.884 Y=-1977.125 Z=7821.659), Max=(X=1922.940 Y=3165.269 Z=8431.092) RuntimeGrid:None EditorOnly:0 RuntimeOnly:0 HLODRelevant:0 FolderPath:FX FolderGuid:0A8E893C4E1A347112C306802F1A7D62
 |   |   |   |- Guid:8DC706D8426E029F6738D8B33541523C BaseClass: NativeClass:/Script/Niagara.NiagaraActor Name:NiagaraActor_UAID_6C02E0793D4C1CB701_1275920344 Label:NS_Stuff3 SpatiallyLoaded:1 Bounds:IsValid=true, Min=(X=-386.040 Y=523.193 Z=6111.407), Max=(X=1559.398 Y=3748.745 Z=8127.455) RuntimeGrid:None EditorOnly:0 RuntimeOnly:0 HLODRelevant:0 FolderPath:FX FolderGuid:0A8E893C4E1A347112C306802F1A7D62
 |   |   |   |- Guid:52D152AE4252583A1537669FF30DAC89 BaseClass: NativeClass:/Script/Niagara.NiagaraActor Name:NiagaraActor_UAID_6C02E0793D4C1CB701_1315477345 Label:NS_Stuff4 SpatiallyLoaded:1 Bounds:IsValid=true, Min=(X=-82.291 Y=759.336 Z=5215.756), Max=(X=1825.320 Y=3785.499 Z=6264.970) RuntimeGrid:None EditorOnly:0 RuntimeOnly:0 HLODRelevant:0 FolderPath:FX FolderGuid:0A8E893C4E1A347112C306802F1A7D62
 |   |   |- [+] [ 23]
 |   |   |   |- Guid:C596306946D092A6055FC49602E6697D BaseClass: NativeClass:/Script/Engine.StaticMeshActor Name:StaticMeshActor_UAID_C85ACFC1DC7F0AB701_1408368168 Label:SM_Cube8 SpatiallyLoaded:1 Bounds:IsValid=true, Min=(X=-600.000 Y=-2500.000 Z=-800.000), Max=(X=1400.000 Y=-2400.000 Z=9200.000) RuntimeGrid:None EditorOnly:0 RuntimeOnly:0 HLODRelevant:1 FolderPath:Playground FolderGuid:9FE5E8B349AF71F05F2688921F3F2AC5
 |   |   |- [+] [ 24]
 |   |   |   |- Guid:7F221CF1454095FA166CBF920B95F28E BaseClass: NativeClass:/Script/Water.WaterZone Name:WaterZone_UAID_6C02E0793D4C17B701_1813111456 Label:WaterZone SpatiallyLoaded:0 Bounds:IsValid=true, Min=(X=-25600.000 Y=-25600.000 Z=-25600.000), Max=(X=25600.000 Y=25600.000 Z=25600.000) RuntimeGrid:None EditorOnly:0 RuntimeOnly:0 HLODRelevant:0
 |   |   |- [+] [ 25]
 |   |   |   |- Guid:1742DF43475F097453197AA79C7473D9 BaseClass: NativeClass:/Script/Engine.SkyLight Name:SkyLight_1 Label:SkyLight SpatiallyLoaded:0 Bounds:IsValid=true, Min=(X=0.000 Y=0.000 Z=690.000), Max=(X=0.000 Y=0.000 Z=690.000) RuntimeGrid:None EditorOnly:0 RuntimeOnly:0 HLODRelevant:0 FolderPath:Lighting FolderGuid:4C9334684BA61B42C769F799D2576455
 |   |   |- [+] [ 26]
 |   |   |   |- Guid:F8C301CD4E3CA5FAFF6973BCA91610CE BaseClass:/Game/TopDown/Blueprints/ennemies/BP_E_Manchot.BP_E_Manchot_C NativeClass:/Script/Engine.Character Name:BP_E_Manchot_C_UAID_C85ACFC1DC7FC9B601_1205517727 Label:BP_E_Manchot SpatiallyLoaded:1 Bounds:IsValid=true, Min=(X=966.000 Y=1236.000 Z=8002.000), Max=(X=1034.000 Y=1304.000 Z=8178.000) RuntimeGrid:None EditorOnly:0 RuntimeOnly:0 HLODRelevant:0
 |   |   |- [+] [ 27]
 |   |   |   |- Guid:1D4635394DB9E4001E8A6084ADFA34DA BaseClass:/Game/Characters/Poisson/BluePrint/BP_E_Poissongue.BP_E_Poissongue_C NativeClass:/Script/Engine.Character Name:BP_E_Poissongue_C_UAID_C85ACFC1DC7FC5B601_1338968025 Label:BP_E_Poissongue3 SpatiallyLoaded:1 Bounds:IsValid=true, Min=(X=966.000 Y=2184.361 Z=7643.761), Max=(X=1034.000 Y=2254.000 Z=7736.239) RuntimeGrid:None EditorOnly:0 RuntimeOnly:0 HLODRelevant:0
 |   |   |- [+] [ 28]
 |   |   |   |- Guid:F892D14D47DBF1CFEA044A8890D17001 BaseClass: NativeClass:/Script/Engine.StaticMeshActor Name:StaticMeshActor_UAID_6C02E0793D4C22B701_2025208401 Label:Cylinder_Cut12 SpatiallyLoaded:1 Bounds:IsValid=true, Min=(X=602.988 Y=-183.958 Z=7998.106), Max=(X=956.944 Y=565.256 Z=9193.091) RuntimeGrid:None EditorOnly:0 RuntimeOnly:0 HLODRelevant:1 FolderPath:Godrays FolderGuid:6101C5504718D8CA84689D8E1F1973F8
 |   |   |- [+] [ 29]
 |   |   |   |- Guid:12A04D6649E4372B2295F88F3A4C2814 BaseClass: NativeClass:/Script/Niagara.NiagaraActor Name:NiagaraActor_UAID_6C02E0793D4C22B701_1555403391 Label:NS_Turtle SpatiallyLoaded:1 Bounds:IsValid=true, Min=(X=1139.000 Y=2349.000 Z=8569.000), Max=(X=1141.000 Y=2351.000 Z=8571.000) RuntimeGrid:None EditorOnly:0 RuntimeOnly:0 HLODRelevant:0 FolderPath:FX FolderGuid:0A8E893C4E1A347112C306802F1A7D62
 |   |   |- [+] [ 30]
 |   |   |   |- Guid:EA22902841192556EFBA16B399441179 BaseClass: NativeClass:/Script/Engine.StaticMeshActor Name:StaticMeshActor_UAID_6C02E0793D4C22B701_1939251392 Label:Cylinder_Cut3 SpatiallyLoaded:1 Bounds:IsValid=true, Min=(X=86.593 Y=141.295 Z=6088.311), Max=(X=671.030 Y=2238.221 Z=9286.601) RuntimeGrid:None EditorOnly:0 RuntimeOnly:0 HLODRelevant:1 FolderPath:Godrays FolderGuid:6101C5504718D8CA84689D8E1F1973F8
 |   |   |- [+] [ 31]
 |   |   |   |- Guid:D3959DBE4740022BD9A64BBBA1DE1562 BaseClass: NativeClass:/Script/Engine.StaticMeshActor Name:StaticMeshActor_UAID_6C02E0793D4C22B701_1962716393 Label:Cylinder_Cut4 SpatiallyLoaded:1 Bounds:IsValid=true, Min=(X=114.835 Y=1011.420 Z=7109.983), Max=(X=580.102 Y=2391.912 Z=9237.976) RuntimeGrid:None EditorOnly:0 RuntimeOnly:0 HLODRelevant:1 FolderPath:Godrays FolderGuid:6101C5504718D8CA84689D8E1F1973F8
 |   |   |- [+] [ 32]
 |   |   |   |- Guid:C38FEC6C4B72FD2FD8DB41B6E885444E BaseClass: NativeClass:/Script/Engine.StaticMeshActor Name:StaticMeshActor_UAID_6C02E0793D4C22B701_1969471394 Label:Cylinder_Cut5 SpatiallyLoaded:1 Bounds:IsValid=true, Min=(X=524.835 Y=-1908.580 Z=7109.983), Max=(X=990.102 Y=-528.088 Z=9237.976) RuntimeGrid:None EditorOnly:0 RuntimeOnly:0 HLODRelevant:1 FolderPath:Godrays FolderGuid:6101C5504718D8CA84689D8E1F1973F8
 |   |   |- [+] [ 33]
 |   |   |   |- Guid:587116DE448BB438D1BEC1844D760674 BaseClass: NativeClass:/Script/Engine.StaticMeshActor Name:StaticMeshActor_UAID_6C02E0793D4C22B701_1972001395 Label:Cylinder_Cut6 SpatiallyLoaded:1 Bounds:IsValid=true, Min=(X=271.090 Y=-687.739 Z=7871.848), Max=(X=635.848 Y=122.737 Z=9189.351) RuntimeGrid:None EditorOnly:0 RuntimeOnly:0 HLODRelevant:1 FolderPath:Godrays FolderGuid:6101C5504718D8CA84689D8E1F1973F8
 |   |   |- [+] [ 34]
 |   |   |   |- Guid:0E48FE1B4D7B8931A4C948A0B20D21EC BaseClass: NativeClass:/Script/Engine.StaticMeshActor Name:StaticMeshActor_UAID_6C02E0793D4C22B701_1989648396 Label:Cylinder_Cut7 SpatiallyLoaded:1 Bounds:IsValid=true, Min=(X=242.720 Y=-607.739 Z=8586.319), Max=(X=535.848 Y=-203.497 Z=9189.351) RuntimeGrid:None EditorOnly:0 RuntimeOnly:0 HLODRelevant:1 FolderPath:Godrays FolderGuid:6101C5504718D8CA84689D8E1F1973F8
 |   |   |- [+] [ 35]
 |   |   |   |- Guid:ABAEE95548592943A576BB8428FB2747 BaseClass: NativeClass:/Script/Engine.StaticMeshActor Name:StaticMeshActor_UAID_6C02E0793D4C22B701_1991204397 Label:Cylinder_Cut8 SpatiallyLoaded:1 Bounds:IsValid=true, Min=(X=470.161 Y=-1037.739 Z=8261.559), Max=(X=795.848 Y=-448.845 Z=9189.351) RuntimeGrid:None EditorOnly:0 RuntimeOnly:0 HLODRelevant:1 FolderPath:Godrays FolderGuid:6101C5504718D8CA84689D8E1F1973F8
 |   |   |- [+] [ 36]
 |   |   |   |- Guid:B5EDEE4B4090ED34E196FCA0C356E9F5 BaseClass: NativeClass:/Script/Engine.StaticMeshActor Name:StaticMeshActor_UAID_6C02E0793D4C22B701_2005584398 Label:Cylinder_Cut9 SpatiallyLoaded:1 Bounds:IsValid=true, Min=(X=602.720 Y=42.261 Z=8586.319), Max=(X=895.848 Y=446.503 Z=9189.351) RuntimeGrid:None EditorOnly:0 RuntimeOnly:0 HLODRelevant:1 FolderPath:Godrays FolderGuid:6101C5504718D8CA84689D8E1F1973F8
 |   |   |- [+] [ 37]
 |   |   |   |- Guid:1D38888D456059D416F4C4BFA13A32B8 BaseClass: NativeClass:/Script/Engine.StaticMeshActor Name:StaticMeshActor_UAID_6C02E0793D4C22B701_2010363399 Label:Cylinder_Cut10 SpatiallyLoaded:1 Bounds:IsValid=true, Min=(X=339.036 Y=636.042 Z=8257.913), Max=(X=666.944 Y=1237.535 Z=9193.091) RuntimeGrid:None EditorOnly:0 RuntimeOnly:0 HLODRelevant:1 FolderPath:Godrays FolderGuid:6101C5504718D8CA84689D8E1F1973F8
 |   |   |- [+] [ 38]
 |   |   |   |- Guid:7998FA304D2BFB3DCE9B7099C3608687 BaseClass: NativeClass:/Script/Engine.StaticMeshActor Name:StaticMeshActor_UAID_6C02E0793D4C22B701_2018393400 Label:Cylinder_Cut11 SpatiallyLoaded:1 Bounds:IsValid=true, Min=(X=552.988 Y=526.042 Z=7998.106), Max=(X=906.944 Y=1275.256 Z=9193.091) RuntimeGrid:None EditorOnly:0 RuntimeOnly:0 HLODRelevant:1 FolderPath:Godrays FolderGuid:6101C5504718D8CA84689D8E1F1973F8
 |   |   |- [+] [ 39]
 |   |   |   |- Guid:041B08384B83AC69E668EC9167061B28 BaseClass: NativeClass:/Script/Niagara.NiagaraActor Name:NiagaraActor_UAID_6C02E0793D4C23B701_1760377578 Label:NS_Fish SpatiallyLoaded:1 Bounds:IsValid=true, Min=(X=-249.399 Y=-3089.889 Z=6416.486), Max=(X=2190.030 Y=1426.559 Z=10103.569) RuntimeGrid:None EditorOnly:0 RuntimeOnly:0 HLODRelevant:0
 |   |   |- [+] [ 40]
 |   |   |   |- Guid:BA08E5F641AC3667FEC73EA3A0DA2603 BaseClass: NativeClass:/Script/Niagara.NiagaraActor Name:NiagaraActor_UAID_6C02E0793D4C25B701_1389879931 Label:NS_Whale SpatiallyLoaded:1 Bounds:IsValid=true, Min=(X=374.057 Y=502.003 Z=5631.807), Max=(X=1912.948 Y=6514.072 Z=7495.158) RuntimeGrid:None EditorOnly:0 RuntimeOnly:0 HLODRelevant:0
 |- ContainerInstances:
 |- [+] MainContainer:
 |   |-        ID: 0x0000000000000000
 |   |-    Bounds: IsValid=false, Min=(X=0.000 Y=0.000 Z=0.000), Max=(X=0.000 Y=0.000 Z=0.000)
 |   |- Transform: 0.000000,0.000000,0.000000|0.000000,0.000000,-0.000000|1.000000,1.000000,1.000000
 |   |- Container: /Game/TopDown/Maps/TopDownMap
----------------------------------------------------------------------------------------------------------------
TopDownMap - Persistent Level
----------------------------------------------------------------------------------------------------------------
Always loaded Actor Count: 60 

----------------------------------------------------------------------------------------------------------------
TopDownMap - Runtime Spatial Hash - Streaming Grid - MainGrid
----------------------------------------------------------------------------------------------------------------
            Origin: X=0.000 Y=0.000 Z=0.000
         Cell Size: 12800
      World Bounds: IsValid=false, Min=(X=0.000 Y=0.000 Z=0.000), Max=(X=0.000 Y=0.000 Z=0.000)
     Loading Range: 25600.00
Block Slow Loading: No
 ClientOnlyVisible: No

[+] Grid Levels: 1
 |- Level  0: Cell Count    0 | Cell Size   12800 | Actor Count    0 (0.0%)

[+] Content of Grid Level 0

